In Datei, eingefügt von /usr/include/glib-2.0/glib/galloca.h:30,
                 von /usr/include/glib-2.0/glib.h:30,
                 von /home/jb/devel/cc/jamm/test/upnp/pupnp/main.c:32:
/usr/include/glib-2.0/glib/gtypes.h:30:24: Fehler: glibconfig.h: No such file or directory
In file included from /usr/include/glib-2.0/glib/galloca.h:30,
                 from /usr/include/glib-2.0/glib.h:30,
                 from /home/jb/devel/cc/jamm/test/upnp/pupnp/main.c:32:
/usr/include/glib-2.0/glib/gtypes.h:41: Fehler: expected »=«, »,«, »;«, »asm« or »__attribute__« before »typedef«
/usr/include/glib-2.0/glib/gtypes.h:90: Fehler: expected »=«, »,«, »;«, »asm« or »__attribute__« before »*« token
/usr/include/glib-2.0/glib/gtypes.h:392:2: Fehler: #error unknown ENDIAN type
In file included from /usr/include/glib-2.0/glib.h:31,
                 from /home/jb/devel/cc/jamm/test/upnp/pupnp/main.c:32:
/usr/include/glib-2.0/glib/garray.h:32: Fehler: expected »=«, »,«, »;«, »asm« or »__attribute__« before »G_BEGIN_DECLS«
/usr/include/glib-2.0/glib/garray.h:40: Fehler: expected specifier-qualifier-list before »gchar«
/usr/include/glib-2.0/glib/garray.h:46: Fehler: expected specifier-qualifier-list before »guint8«
/usr/include/glib-2.0/glib/garray.h:66: Fehler: expected »=«, »,«, »;«, »asm« or »__attribute__« before »*« token
/usr/include/glib-2.0/glib/garray.h:69: Fehler: expected »=«, »,«, »;«, »asm« or »__attribute__« before »*« token
/usr/include/glib-2.0/glib/garray.h:73: Fehler: expected »=«, »,«, »;«, »asm« or »__attribute__« before »*« token
/usr/include/glib-2.0/glib/garray.h:75: Fehler: expected »=«, »,«, »;«, »asm« or »__attribute__« before »*« token
/usr/include/glib-2.0/glib/garray.h:78: Fehler: expected »=«, »,«, »;«, »asm« or »__attribute__« before »*« token
/usr/include/glib-2.0/glib/garray.h:81: Fehler: expected »=«, »,«, »;«, »asm« or »__attribute__« before »*« token
/usr/include/glib-2.0/glib/garray.h:85: Fehler: expected »=«, »,«, »;«, »asm« or »__attribute__« before »*« token
/usr/include/glib-2.0/glib/garray.h:87: Fehler: expected »=«, »,«, »;«, »asm« or »__attribute__« before »*« token
/usr/include/glib-2.0/glib/garray.h:89: Fehler: expected »=«, »,«, »;«, »asm« or »__attribute__« before »*« token
/usr/include/glib-2.0/glib/garray.h:91: Fehler: expected »=«, »,«, »;«, »asm« or »__attribute__« before »*« token
/usr/include/glib-2.0/glib/garray.h:94: Fehler: expected »)« before »*« token
/usr/include/glib-2.0/glib/garray.h:96: Fehler: expected »)« before »*« token
/usr/include/glib-2.0/glib/garray.h:140: Fehler: expected »=«, »,«, »;«, »asm« or »__attribute__« before »*« token
/usr/include/glib-2.0/glib/garray.h:143: Fehler: expected »;«, »,« or »)« before »*« token
/usr/include/glib-2.0/glib/garray.h:146: Fehler: expected »;«, »,« or »)« before »*« token
In file included from /usr/include/glib-2.0/glib/gerror.h:24,
                 from /usr/include/glib-2.0/glib/gthread.h:30,
                 from /usr/include/glib-2.0/glib/gasyncqueue.h:30,
                 from /usr/include/glib-2.0/glib.h:32,
                 from /home/jb/devel/cc/jamm/test/upnp/pupnp/main.c:32:
/usr/include/glib-2.0/glib/gquark.h:32: Fehler: expected »=«, »,«, »;«, »asm« or »__attribute__« before »G_BEGIN_DECLS«
/usr/include/glib-2.0/glib/gquark.h:38: Fehler: expected »=«, »,«, »;«, »asm« or »__attribute__« before »g_quark_try_string«
/usr/include/glib-2.0/glib/gquark.h:39: Fehler: expected »=«, »,«, »;«, »asm« or »__attribute__« before »g_quark_from_static_string«
/usr/include/glib-2.0/glib/gquark.h:40: Fehler: expected »=«, »,«, »;«, »asm« or »__attribute__« before »g_quark_from_string«
/usr/include/glib-2.0/glib/gquark.h:41: Fehler: expected »=«, »,«, »;«, »asm« or »__attribute__« before »gchar«
/usr/include/glib-2.0/glib/gquark.h:43: Fehler: expected »=«, »,«, »;«, »asm« or »__attribute__« before »gchar«
/usr/include/glib-2.0/glib/gquark.h:44: Fehler: expected »=«, »,«, »;«, »asm« or »__attribute__« before »gchar«
In file included from /usr/include/glib-2.0/glib/gthread.h:30,
                 from /usr/include/glib-2.0/glib/gasyncqueue.h:30,
                 from /usr/include/glib-2.0/glib.h:32,
                 from /home/jb/devel/cc/jamm/test/upnp/pupnp/main.c:32:
/usr/include/glib-2.0/glib/gerror.h:26: Fehler: expected »=«, »,«, »;«, »asm« or »__attribute__« before »G_BEGIN_DECLS«
/usr/include/glib-2.0/glib/gerror.h:32: Fehler: expected specifier-qualifier-list before »GQuark«
/usr/include/glib-2.0/glib/gerror.h:37: Fehler: expected »=«, »,«, »;«, »asm« or »__attribute__« before »*« token
/usr/include/glib-2.0/glib/gerror.h:42: Fehler: expected »=«, »,«, »;«, »asm« or »__attribute__« before »*« token
/usr/include/glib-2.0/glib/gerror.h:46: Fehler: expected »)« before »*« token
/usr/include/glib-2.0/glib/gerror.h:47: Fehler: expected »=«, »,«, »;«, »asm« or »__attribute__« before »*« token
/usr/include/glib-2.0/glib/gerror.h:49: Fehler: expected »;«, »,« or »)« before »*« token
/usr/include/glib-2.0/glib/gerror.h:56: Fehler: expected »)« before »*« token
/usr/include/glib-2.0/glib/gerror.h:64: Fehler: expected »)« before »*« token
/usr/include/glib-2.0/glib/gerror.h:68: Fehler: expected »)« before »*« token
In file included from /usr/include/glib-2.0/glib/gutils.h:31,
                 from /usr/include/glib-2.0/glib/gthread.h:32,
                 from /usr/include/glib-2.0/glib/gasyncqueue.h:30,
                 from /usr/include/glib-2.0/glib.h:32,
                 from /home/jb/devel/cc/jamm/test/upnp/pupnp/main.c:32:
/usr/lib/gcc/i486-linux-gnu/4.1.3/include/stdarg.h:105: Fehler: expected »=«, »,«, »;«, »asm« or »__attribute__« before »typedef«
In file included from /usr/include/glib-2.0/glib/gthread.h:32,
                 from /usr/include/glib-2.0/glib/gasyncqueue.h:30,
                 from /usr/include/glib-2.0/glib.h:32,
                 from /home/jb/devel/cc/jamm/test/upnp/pupnp/main.c:32:
/usr/include/glib-2.0/glib/gutils.h:121: Fehler: expected »=«, »,«, »;«, »asm« or »__attribute__« before »G_CONST_RETURN«
/usr/include/glib-2.0/glib/gutils.h:122: Fehler: expected »=«, »,«, »;«, »asm« or »__attribute__« before »gchar«
/usr/include/glib-2.0/glib/gutils.h:123: Fehler: expected »=«, »,«, »;«, »asm« or »__attribute__« before »gchar«
/usr/include/glib-2.0/glib/gutils.h:124: Fehler: expected »=«, »,«, »;«, »asm« or »__attribute__« before »gchar«
/usr/include/glib-2.0/glib/gutils.h:125: Fehler: expected »=«, »,«, »;«, »asm« or »__attribute__« before »gchar«
/usr/include/glib-2.0/glib/gutils.h:126: Fehler: expected »=«, »,«, »;«, »asm« or »__attribute__« before »*« token
/usr/include/glib-2.0/glib/gutils.h:127: Fehler: expected »;«, »,« or »)« before »*« token
/usr/include/glib-2.0/glib/gutils.h:128: Fehler: expected »=«, »,«, »;«, »asm« or »__attribute__« before »gchar«
/usr/include/glib-2.0/glib/gutils.h:129: Fehler: expected »;«, »,« or »)« before »*« token
/usr/include/glib-2.0/glib/gutils.h:131: Fehler: expected »=«, »,«, »;«, »asm« or »__attribute__« before »gchar«
/usr/include/glib-2.0/glib/gutils.h:132: Fehler: expected »=«, »,«, »;«, »asm« or »__attribute__« before »gchar«
/usr/include/glib-2.0/glib/gutils.h:133: Fehler: expected »=«, »,«, »;«, »asm« or »__attribute__« before »gchar«
/usr/include/glib-2.0/glib/gutils.h:134: Fehler: expected »=«, »,«, »;«, »asm« or »__attribute__« before »gchar«
/usr/include/glib-2.0/glib/gutils.h:149: Fehler: expected »=«, »,«, »;«, »asm« or »__attribute__« before »gchar«
/usr/include/glib-2.0/glib/gutils.h:151: Fehler: expected »=«, »,«, »;«, »asm« or »__attribute__« before »gchar«
/usr/include/glib-2.0/glib/gutils.h:188: Fehler: expected »=«, »,«, »;«, »asm« or »__attribute__« before »gchar«
/usr/include/glib-2.0/glib/gutils.h:193: Fehler: expected specifier-qualifier-list before »gchar«
/usr/include/glib-2.0/glib/gutils.h:199: Fehler: expected »;«, »,« or »)« before »*« token
/usr/include/glib-2.0/glib/gutils.h:203: Fehler: expected »)« before »*« token
/usr/include/glib-2.0/glib/gutils.h:207: Fehler: expected »)« before »*« token
/usr/include/glib-2.0/glib/gutils.h:213: Fehler: expected »;«, »,« or »)« before »*« token
/usr/include/glib-2.0/glib/gutils.h:216: Fehler: expected »=«, »,«, »;«, »asm« or »__attribute__« before »gchar«
/usr/include/glib-2.0/glib/gutils.h:224: Fehler: expected »=«, »,«, »;«, »asm« or »__attribute__« before »gchar«
/usr/include/glib-2.0/glib/gutils.h:234: Fehler: expected »=«, »,«, »;«, »asm« or »__attribute__« before »*« token
/usr/include/glib-2.0/glib/gutils.h:235: Fehler: expected »=«, »,«, »;«, »asm« or »__attribute__« before »*« token
/usr/include/glib-2.0/glib/gutils.h:236: Fehler: expected »=«, »,«, »;«, »asm« or »__attribute__« before »*« token
/usr/include/glib-2.0/glib/gutils.h:250: Fehler: expected »=«, »,«, »;«, »asm« or »__attribute__« before »gchar«
/usr/include/glib-2.0/glib/gutils.h:251: Fehler: expected »;«, »,« or »)« before »*« token
/usr/include/glib-2.0/glib/gutils.h:254: Fehler: expected »;«, »,« or »)« before »*« token
/usr/include/glib-2.0/glib/gutils.h:255: Fehler: expected »=«, »,«, »;«, »asm« or »__attribute__« before »*« token
/usr/include/glib-2.0/glib/gutils.h:258: Fehler: expected »=«, »,«, »;«, »asm« or »__attribute__« before »*« token
/usr/include/glib-2.0/glib/gutils.h:290: Fehler: expected »=«, »,«, »;«, »asm« or »__attribute__« before »*« token
/usr/include/glib-2.0/glib/gutils.h: In Funktion »g_bit_nth_lsf«:
/usr/include/glib-2.0/glib/gutils.h:295: Fehler: expected declaration specifiers before »G_GNUC_CONST«
/usr/include/glib-2.0/glib/gutils.h:297: Fehler: expected »=«, »,«, »;«, »asm« or »__attribute__« before »G_GNUC_CONST«
/usr/include/glib-2.0/glib/gutils.h:298: Fehler: expected »=«, »,«, »;«, »asm« or »__attribute__« before »G_GNUC_CONST«
/usr/include/glib-2.0/glib/gutils.h:303: Fehler: Speicherklasse für Parameter »GTrashStack« angegeben
/usr/include/glib-2.0/glib/gutils.h:306: Fehler: expected specifier-qualifier-list before »GTrashStack«
/usr/include/glib-2.0/glib/gutils.h:307: Warnung: Leere Deklaration
/usr/include/glib-2.0/glib/gutils.h:309: Fehler: expected »)« before »*« token
/usr/include/glib-2.0/glib/gutils.h:311: Fehler: expected »)« before »*« token
/usr/include/glib-2.0/glib/gutils.h:312: Fehler: expected »)« before »*« token
/usr/include/glib-2.0/glib/gutils.h:313: Fehler: expected »)« before »*« token
/usr/include/glib-2.0/glib/gutils.h:416: Fehler: Speicherklasse für Parameter »glib_major_version« angegeben
/usr/include/glib-2.0/glib/gutils.h:417: Fehler: Speicherklasse für Parameter »glib_minor_version« angegeben
/usr/include/glib-2.0/glib/gutils.h:418: Fehler: Speicherklasse für Parameter »glib_micro_version« angegeben
/usr/include/glib-2.0/glib/gutils.h:419: Fehler: Speicherklasse für Parameter »glib_interface_age« angegeben
/usr/include/glib-2.0/glib/gutils.h:420: Fehler: Speicherklasse für Parameter »glib_binary_age« angegeben
/usr/include/glib-2.0/glib/gutils.h:422: Fehler: expected »=«, »,«, »;«, »asm« or »__attribute__« before »*« token
/usr/include/glib-2.0/glib/gutils.h:432: Fehler: expected declaration specifiers before »G_END_DECLS«
In file included from /usr/include/glib-2.0/glib/gthread.h:33,
                 from /usr/include/glib-2.0/glib/gasyncqueue.h:30,
                 from /usr/include/glib-2.0/glib.h:32,
                 from /home/jb/devel/cc/jamm/test/upnp/pupnp/main.c:32:
/usr/include/glib-2.0/glib/gatomic.h:66: Fehler: expected declaration specifiers before »G_END_DECLS«
In file included from /usr/include/glib-2.0/glib/gasyncqueue.h:30,
                 from /usr/include/glib-2.0/glib.h:32,
                 from /home/jb/devel/cc/jamm/test/upnp/pupnp/main.c:32:
/usr/include/glib-2.0/glib/gthread.h:46: Fehler: Speicherklasse für Parameter »GThreadError« angegeben
/usr/include/glib-2.0/glib/gthread.h:48: Fehler: Speicherklasse für Parameter »GThreadFunc« angegeben
/usr/include/glib-2.0/glib/gthread.h:56: Fehler: Speicherklasse für Parameter »GThreadPriority« angegeben
/usr/include/glib-2.0/glib/gthread.h:58: Fehler: Speicherklasse für Parameter »GThread« angegeben
/usr/include/glib-2.0/glib/gthread.h:62: Fehler: expected specifier-qualifier-list before »GThreadFunc«
/usr/include/glib-2.0/glib/gthread.h:66: Warnung: Leere Deklaration
/usr/include/glib-2.0/glib/gthread.h:68: Fehler: Speicherklasse für Parameter »GMutex« angegeben
/usr/include/glib-2.0/glib/gthread.h:69: Fehler: Speicherklasse für Parameter »GCond« angegeben
/usr/include/glib-2.0/glib/gthread.h:70: Fehler: Speicherklasse für Parameter »GPrivate« angegeben
/usr/include/glib-2.0/glib/gthread.h:71: Fehler: Speicherklasse für Parameter »GStaticPrivate« angegeben
/usr/include/glib-2.0/glib/gthread.h:73: Fehler: Speicherklasse für Parameter »GThreadFunctions« angegeben
/usr/include/glib-2.0/glib/gthread.h:76: Fehler: expected specifier-qualifier-list before »GMutex«
/usr/include/glib-2.0/glib/gthread.h:110: Warnung: Leere Deklaration
/usr/include/glib-2.0/glib/gthread.h:112: Fehler: expected »=«, »,«, »;«, »asm« or »__attribute__« before »g_thread_functions_for_glib_use«
/usr/include/glib-2.0/glib/gthread.h:113: Fehler: Speicherklasse für Parameter »g_thread_use_default_impl« angegeben
/usr/include/glib-2.0/glib/gthread.h:114: Fehler: Speicherklasse für Parameter »g_threads_got_initialized« angegeben
/usr/include/glib-2.0/glib/gthread.h:116: Fehler: expected declaration specifiers or »...« before »*« token
/usr/include/glib-2.0/glib/gthread.h:116: Fehler: Speicherklasse für Parameter »guint64« angegeben
/usr/include/glib-2.0/glib/gthread.h:116: Fehler: »guint64« als Funktion, die eine Funktion zurückgibt, deklariert
/usr/include/glib-2.0/glib/gthread.h:122: Fehler: expected »)« before »*« token
/usr/include/glib-2.0/glib/gthread.h:131: Fehler: expected »)« before »*« token
/usr/include/glib-2.0/glib/gthread.h:141: Fehler: expected declaration specifiers before »GMutex«
/usr/include/glib-2.0/glib/gthread.h:212: Fehler: expected declaration specifiers before »GThread«
/usr/include/glib-2.0/glib/gthread.h:219: Fehler: expected declaration specifiers before »GThread«
/usr/include/glib-2.0/glib/gthread.h:221: Fehler: expected »)« before »*« token
/usr/include/glib-2.0/glib/gthread.h:223: Fehler: expected »)« before »*« token
/usr/include/glib-2.0/glib/gthread.h:237: Fehler: expected »)« before »*« token
/usr/include/glib-2.0/glib/gthread.h:238: Fehler: expected »)« before »*« token
/usr/include/glib-2.0/glib/gthread.h:244: Warnung: Leere Deklaration
/usr/include/glib-2.0/glib/gthread.h:246: Fehler: expected »)« before »*« token
/usr/include/glib-2.0/glib/gthread.h:247: Fehler: expected »)« before »*« token
/usr/include/glib-2.0/glib/gthread.h:248: Fehler: expected »)« before »*« token
/usr/include/glib-2.0/glib/gthread.h:251: Fehler: expected »)« before »*« token
/usr/include/glib-2.0/glib/gthread.h:253: Fehler: Speicherklasse für Parameter »GStaticRecMutex« angegeben
/usr/include/glib-2.0/glib/gthread.h:257: Fehler: expected specifier-qualifier-list before »GStaticMutex«
/usr/include/glib-2.0/glib/gthread.h:260: Warnung: Leere Deklaration
/usr/include/glib-2.0/glib/gthread.h:263: Fehler: expected »)« before »*« token
/usr/include/glib-2.0/glib/gthread.h:264: Fehler: expected »)« before »*« token
/usr/include/glib-2.0/glib/gthread.h:265: Fehler: expected »)« before »*« token
/usr/include/glib-2.0/glib/gthread.h:266: Fehler: expected »)« before »*« token
/usr/include/glib-2.0/glib/gthread.h:267: Fehler: expected »)« before »*« token
/usr/include/glib-2.0/glib/gthread.h:269: Fehler: expected »)« before »*« token
/usr/include/glib-2.0/glib/gthread.h:270: Fehler: expected »)« before »*« token
/usr/include/glib-2.0/glib/gthread.h:272: Fehler: Speicherklasse für Parameter »GStaticRWLock« angegeben
/usr/include/glib-2.0/glib/gthread.h:276: Fehler: expected specifier-qualifier-list before »GStaticMutex«
/usr/include/glib-2.0/glib/gthread.h:283: Warnung: Leere Deklaration
/usr/include/glib-2.0/glib/gthread.h:287: Fehler: expected »)« before »*« token
/usr/include/glib-2.0/glib/gthread.h:288: Fehler: expected »)« before »*« token
/usr/include/glib-2.0/glib/gthread.h:289: Fehler: expected »)« before »*« token
/usr/include/glib-2.0/glib/gthread.h:290: Fehler: expected »)« before »*« token
/usr/include/glib-2.0/glib/gthread.h:291: Fehler: expected »)« before »*« token
/usr/include/glib-2.0/glib/gthread.h:292: Fehler: expected »)« before »*« token
/usr/include/glib-2.0/glib/gthread.h:293: Fehler: expected »)« before »*« token
/usr/include/glib-2.0/glib/gthread.h:294: Fehler: expected »)« before »*« token
/usr/include/glib-2.0/glib/gthread.h:304: Fehler: Speicherklasse für Parameter »GOnceStatus« angegeben
/usr/include/glib-2.0/glib/gthread.h:306: Fehler: Speicherklasse für Parameter »GOnce« angegeben
/usr/include/glib-2.0/glib/gthread.h:309: Fehler: expected »:«, »,«, »;«, »}« or »__attribute__« before »status«
/usr/include/glib-2.0/glib/gthread.h:311: Warnung: Leere Deklaration
/usr/include/glib-2.0/glib/gthread.h:315: Fehler: expected »)« before »*« token
/usr/include/glib-2.0/glib/gthread.h:327: Fehler: expected »;«, »,« or »)« before »*« token
/usr/include/glib-2.0/glib/gthread.h:328: Fehler: expected »;«, »,« or »)« before »*« token
/usr/include/glib-2.0/glib/gthread.h:329: Fehler: expected »;«, »,« or »)« before »*« token
/usr/include/glib-2.0/glib/gthread.h:351: Fehler: Speicherklasse für Parameter »glib_dummy_decl« angegeben
/usr/include/glib-2.0/glib/gthread.h:394: Fehler: expected declaration specifiers before »G_END_DECLS«
In file included from /usr/include/glib-2.0/glib.h:32,
                 from /home/jb/devel/cc/jamm/test/upnp/pupnp/main.c:32:
/usr/include/glib-2.0/glib/gasyncqueue.h:39: Fehler: expected declaration specifiers before »GAsyncQueue«
/usr/include/glib-2.0/glib/gasyncqueue.h:45: Fehler: expected »)« before »*« token
/usr/include/glib-2.0/glib/gasyncqueue.h:46: Fehler: expected »)« before »*« token
/usr/include/glib-2.0/glib/gasyncqueue.h:49: Fehler: expected declaration specifiers before »GAsyncQueue«
/usr/include/glib-2.0/glib/gasyncqueue.h:50: Fehler: expected »)« before »*« token
/usr/include/glib-2.0/glib/gasyncqueue.h:54: Fehler: expected »)« before »*« token
/usr/include/glib-2.0/glib/gasyncqueue.h:55: Fehler: expected »)« before »*« token
/usr/include/glib-2.0/glib/gasyncqueue.h:59: Fehler: expected »)« before »*« token
/usr/include/glib-2.0/glib/gasyncqueue.h:61: Fehler: expected »)« before »*« token
/usr/include/glib-2.0/glib/gasyncqueue.h:64: Fehler: expected »)« before »*« token
/usr/include/glib-2.0/glib/gasyncqueue.h:68: Fehler: expected »)« before »*« token
/usr/include/glib-2.0/glib/gasyncqueue.h:76: Fehler: expected »)« before »*« token
/usr/include/glib-2.0/glib/gasyncqueue.h:77: Fehler: expected »)« before »*« token
/usr/include/glib-2.0/glib/gasyncqueue.h:80: Fehler: expected »)« before »*« token
/usr/include/glib-2.0/glib/gasyncqueue.h:81: Fehler: expected »)« before »*« token
/usr/include/glib-2.0/glib/gasyncqueue.h:88: Fehler: expected »)« before »*« token
/usr/include/glib-2.0/glib/gasyncqueue.h:90: Fehler: expected »)« before »*« token
/usr/include/glib-2.0/glib/gasyncqueue.h:100: Fehler: expected »)« before »*« token
/usr/include/glib-2.0/glib/gasyncqueue.h:101: Fehler: expected »)« before »*« token
/usr/include/glib-2.0/glib/gasyncqueue.h:102: Fehler: expected »)« before »*« token
/usr/include/glib-2.0/glib/gasyncqueue.h:105: Fehler: expected »)« before »*« token
/usr/include/glib-2.0/glib/gasyncqueue.h:110: Fehler: expected declaration specifiers before »GMutex«
/usr/include/glib-2.0/glib/gasyncqueue.h:112: Fehler: expected declaration specifiers before »G_END_DECLS«
In file included from /usr/include/glib-2.0/glib.h:34,
                 from /home/jb/devel/cc/jamm/test/upnp/pupnp/main.c:32:
/usr/include/glib-2.0/glib/gbacktrace.h:44: Fehler: expected »;«, »,« or »)« before »*« token
/usr/include/glib-2.0/glib/gbacktrace.h:59: Fehler: expected declaration specifiers before »G_END_DECLS«
In file included from /usr/include/glib-2.0/glib.h:35,
                 from /home/jb/devel/cc/jamm/test/upnp/pupnp/main.c:32:
/usr/include/glib-2.0/glib/gbase64.h:34: Fehler: expected declaration specifiers before »gsize«
/usr/include/glib-2.0/glib/gbase64.h:38: Fehler: expected declaration specifiers before »gchar«
/usr/include/glib-2.0/glib/gbase64.h:40: Fehler: expected declaration specifiers before »gsize«
/usr/include/glib-2.0/glib/gbase64.h:45: Fehler: expected »;«, »,« or »)« before »*« token
/usr/include/glib-2.0/glib/gbase64.h:48: Fehler: expected declaration specifiers before »G_END_DECLS«
In file included from /usr/include/glib-2.0/glib/gbookmarkfile.h:24,
                 from /usr/include/glib-2.0/glib.h:36,
                 from /home/jb/devel/cc/jamm/test/upnp/pupnp/main.c:32:
/usr/include/time.h:184: Fehler: expected »=«, »,«, »;«, »asm« or »__attribute__« before »clock«
/usr/include/time.h:187: Fehler: Speicherklasse für Parameter »time« angegeben
/usr/include/time.h:191: Fehler: Speicherklasse für Parameter »difftime« angegeben
/usr/include/time.h:194: Fehler: Speicherklasse für Parameter »mktime« angegeben
/usr/include/time.h:202: Fehler: Speicherklasse für Parameter »strftime« angegeben
/usr/include/time.h:232: Fehler: Speicherklasse für Parameter »gmtime« angegeben
/usr/include/time.h:236: Fehler: Speicherklasse für Parameter »localtime« angegeben
/usr/include/time.h:243: Fehler: Speicherklasse für Parameter »gmtime_r« angegeben
/usr/include/time.h:248: Fehler: Speicherklasse für Parameter »localtime_r« angegeben
/usr/include/time.h:254: Fehler: Speicherklasse für Parameter »asctime« angegeben
/usr/include/time.h:257: Fehler: Speicherklasse für Parameter »ctime« angegeben
/usr/include/time.h:266: Fehler: Speicherklasse für Parameter »asctime_r« angegeben
/usr/include/time.h:270: Fehler: Speicherklasse für Parameter »ctime_r« angegeben
/usr/include/time.h:275: Fehler: Speicherklasse für Parameter »__tzname« angegeben
/usr/include/time.h:276: Fehler: Speicherklasse für Parameter »__daylight« angegeben
/usr/include/time.h:277: Fehler: Speicherklasse für Parameter »__timezone« angegeben
/usr/include/time.h:282: Fehler: Speicherklasse für Parameter »tzname« angegeben
/usr/include/time.h:286: Fehler: Speicherklasse für Parameter »tzset« angegeben
/usr/include/time.h:290: Fehler: Speicherklasse für Parameter »daylight« angegeben
/usr/include/time.h:291: Fehler: Speicherklasse für Parameter »timezone« angegeben
/usr/include/time.h:297: Fehler: Speicherklasse für Parameter »stime« angegeben
/usr/include/time.h:312: Fehler: Speicherklasse für Parameter »timegm« angegeben
/usr/include/time.h:315: Fehler: Speicherklasse für Parameter »timelocal« angegeben
/usr/include/time.h:318: Fehler: Speicherklasse für Parameter »dysize« angegeben
/usr/include/time.h:328: Fehler: Speicherklasse für Parameter »nanosleep« angegeben
/usr/include/time.h:332: Fehler: Speicherklasse für Parameter »clock_getres« angegeben
/usr/include/time.h:335: Fehler: Speicherklasse für Parameter »clock_gettime« angegeben
/usr/include/time.h:339: Fehler: Speicherklasse für Parameter »clock_settime« angegeben
/usr/include/time.h:348: Fehler: Speicherklasse für Parameter »clock_nanosleep« angegeben
/usr/include/time.h:351: Fehler: Speicherklasse für Parameter »clock_getcpuclockid« angegeben
/usr/include/time.h:358: Fehler: Speicherklasse für Parameter »timer_create« angegeben
/usr/include/time.h:361: Fehler: Speicherklasse für Parameter »timer_delete« angegeben
/usr/include/time.h:366: Fehler: Speicherklasse für Parameter »timer_settime« angegeben
/usr/include/time.h:370: Fehler: Speicherklasse für Parameter »timer_gettime« angegeben
/usr/include/time.h:373: Fehler: Speicherklasse für Parameter »timer_getoverrun« angegeben
In file included from /usr/include/glib-2.0/glib.h:36,
                 from /home/jb/devel/cc/jamm/test/upnp/pupnp/main.c:32:
/usr/include/glib-2.0/glib/gbookmarkfile.h:26: Fehler: expected declaration specifiers before »G_BEGIN_DECLS«
/usr/include/glib-2.0/glib/gbookmarkfile.h:42: Fehler: expected declaration specifiers before »GBookmarkFileError«
/usr/include/glib-2.0/glib/gbookmarkfile.h:44: Fehler: expected declaration specifiers before »GQuark«
/usr/include/glib-2.0/glib/gbookmarkfile.h:49: Fehler: Speicherklasse für Parameter »GBookmarkFile« angegeben
/usr/include/glib-2.0/glib/gbookmarkfile.h:51: Fehler: expected declaration specifiers before »GBookmarkFile«
/usr/include/glib-2.0/glib/gbookmarkfile.h:52: Fehler: expected »)« before »*« token
/usr/include/glib-2.0/glib/gbookmarkfile.h:54: Fehler: expected »)« before »*« token
/usr/include/glib-2.0/glib/gbookmarkfile.h:57: Fehler: expected »)« before »*« token
/usr/include/glib-2.0/glib/gbookmarkfile.h:61: Fehler: expected »)« before »*« token
/usr/include/glib-2.0/glib/gbookmarkfile.h:65: Fehler: expected declaration specifiers before »gchar«
/usr/include/glib-2.0/glib/gbookmarkfile.h:68: Fehler: expected »)« before »*« token
/usr/include/glib-2.0/glib/gbookmarkfile.h:72: Fehler: expected »)« before »*« token
/usr/include/glib-2.0/glib/gbookmarkfile.h:75: Fehler: expected declaration specifiers before »gchar«
/usr/include/glib-2.0/glib/gbookmarkfile.h:78: Fehler: expected »)« before »*« token
/usr/include/glib-2.0/glib/gbookmarkfile.h:81: Fehler: expected declaration specifiers before »gchar«
/usr/include/glib-2.0/glib/gbookmarkfile.h:84: Fehler: expected »)« before »*« token
/usr/include/glib-2.0/glib/gbookmarkfile.h:87: Fehler: expected declaration specifiers before »gchar«
/usr/include/glib-2.0/glib/gbookmarkfile.h:90: Fehler: expected »)« before »*« token
/usr/include/glib-2.0/glib/gbookmarkfile.h:94: Fehler: expected »)« before »*« token
/usr/include/glib-2.0/glib/gbookmarkfile.h:97: Fehler: expected »)« before »*« token
/usr/include/glib-2.0/glib/gbookmarkfile.h:101: Fehler: expected declaration specifiers before »gchar«
/usr/include/glib-2.0/glib/gbookmarkfile.h:105: Fehler: expected »)« before »*« token
/usr/include/glib-2.0/glib/gbookmarkfile.h:109: Fehler: expected »)« before »*« token
/usr/include/glib-2.0/glib/gbookmarkfile.h:113: Fehler: expected declaration specifiers before »gchar«
/usr/include/glib-2.0/glib/gbookmarkfile.h:117: Fehler: expected »)« before »*« token
/usr/include/glib-2.0/glib/gbookmarkfile.h:124: Fehler: expected »)« before »*« token
/usr/include/glib-2.0/glib/gbookmarkfile.h:131: Fehler: expected »)« before »*« token
/usr/include/glib-2.0/glib/gbookmarkfile.h:134: Fehler: expected »)« before »*« token
/usr/include/glib-2.0/glib/gbookmarkfile.h:137: Fehler: expected »)« before »*« token
/usr/include/glib-2.0/glib/gbookmarkfile.h:141: Fehler: expected »)« before »*« token
/usr/include/glib-2.0/glib/gbookmarkfile.h:146: Fehler: expected »)« before »*« token
/usr/include/glib-2.0/glib/gbookmarkfile.h:149: Fehler: expected »)« before »*« token
/usr/include/glib-2.0/glib/gbookmarkfile.h:152: Fehler: expected »)« before »*« token
/usr/include/glib-2.0/glib/gbookmarkfile.h:155: Fehler: expected »)« before »*« token
/usr/include/glib-2.0/glib/gbookmarkfile.h:158: Fehler: expected »)« before »*« token
/usr/include/glib-2.0/glib/gbookmarkfile.h:161: Fehler: expected »)« before »*« token
/usr/include/glib-2.0/glib/gbookmarkfile.h:164: Fehler: expected »)« before »*« token
/usr/include/glib-2.0/glib/gbookmarkfile.h:166: Fehler: expected »)« before »*« token
/usr/include/glib-2.0/glib/gbookmarkfile.h:167: Fehler: expected declaration specifiers before »gchar«
/usr/include/glib-2.0/glib/gbookmarkfile.h:169: Fehler: expected »)« before »*« token
/usr/include/glib-2.0/glib/gbookmarkfile.h:173: Fehler: expected »)« before »*« token
/usr/include/glib-2.0/glib/gbookmarkfile.h:177: Fehler: expected »)« before »*« token
/usr/include/glib-2.0/glib/gbookmarkfile.h:180: Fehler: expected »)« before »*« token
/usr/include/glib-2.0/glib/gbookmarkfile.h:185: Fehler: expected declaration specifiers before »G_END_DECLS«
In file included from /usr/include/glib-2.0/glib/gmem.h:30,
                 from /usr/include/glib-2.0/glib/glist.h:30,
                 from /usr/include/glib-2.0/glib/gcache.h:30,
                 from /usr/include/glib-2.0/glib.h:37,
                 from /home/jb/devel/cc/jamm/test/upnp/pupnp/main.c:32:
/usr/include/glib-2.0/glib/gslice.h:33: Fehler: expected »)« before »block_size«
/usr/include/glib-2.0/glib/gslice.h:34: Fehler: expected »)« before »block_size«
/usr/include/glib-2.0/glib/gslice.h:36: Fehler: expected »)« before »block_size«
/usr/include/glib-2.0/glib/gslice.h:38: Fehler: expected »)« before »block_size«
/usr/include/glib-2.0/glib/gslice.h:77: Fehler: Speicherklasse für Parameter »GSliceConfig« angegeben
/usr/include/glib-2.0/glib/gslice.h:78: Fehler: expected »)« before »ckey«
/usr/include/glib-2.0/glib/gslice.h:79: Fehler: expected declaration specifiers before »gint64«
/usr/include/glib-2.0/glib/gslice.h:80: Fehler: expected declaration specifiers before »gint64«
/usr/include/glib-2.0/glib/gslice.h:82: Fehler: expected declaration specifiers before »G_END_DECLS«
In file included from /usr/include/glib-2.0/glib/glist.h:30,
                 from /usr/include/glib-2.0/glib/gcache.h:30,
                 from /usr/include/glib-2.0/glib.h:37,
                 from /home/jb/devel/cc/jamm/test/upnp/pupnp/main.c:32:
/usr/include/glib-2.0/glib/gmem.h:47: Fehler: expected »=«, »,«, »;«, »asm« or »__attribute__« before »G_GNUC_MALLOC«
/usr/include/glib-2.0/glib/gmem.h:48: Fehler: expected »=«, »,«, »;«, »asm« or »__attribute__« before »G_GNUC_MALLOC«
/usr/include/glib-2.0/glib/gmem.h:50: Fehler: expected »=«, »,«, »;«, »asm« or »__attribute__« before »G_GNUC_WARN_UNUSED_RESULT«
/usr/include/glib-2.0/glib/gmem.h:52: Fehler: expected »=«, »,«, »;«, »asm« or »__attribute__« before »G_GNUC_MALLOC«
/usr/include/glib-2.0/glib/gmem.h:53: Fehler: expected »=«, »,«, »;«, »asm« or »__attribute__« before »G_GNUC_MALLOC«
/usr/include/glib-2.0/glib/gmem.h:55: Fehler: expected »=«, »,«, »;«, »asm« or »__attribute__« before »G_GNUC_WARN_UNUSED_RESULT«
/usr/include/glib-2.0/glib/gmem.h:81: Fehler: expected »)« before »n_bytes«
/usr/include/glib-2.0/glib/gmem.h:82: Fehler: expected »;« before »gpointer«
/usr/include/glib-2.0/glib/gmem.h:91: Warnung: Leere Deklaration
/usr/include/glib-2.0/glib/gmem.h:92: Fehler: expected »)« before »*« token
/usr/include/glib-2.0/glib/gmem.h:95: Fehler: Speicherklasse für Parameter »g_mem_gc_friendly« angegeben
/usr/include/glib-2.0/glib/gmem.h:99: Fehler: expected »=«, »,«, »;«, »asm« or »__attribute__« before »*« token
/usr/include/glib-2.0/glib/gmem.h:105: Fehler: Speicherklasse für Parameter »GAllocator« angegeben
/usr/include/glib-2.0/glib/gmem.h:106: Fehler: Speicherklasse für Parameter »GMemChunk« angegeben
/usr/include/glib-2.0/glib/gmem.h:124: Fehler: expected declaration specifiers before »GMemChunk«
/usr/include/glib-2.0/glib/gmem.h:128: Fehler: expected »)« before »*« token
/usr/include/glib-2.0/glib/gmem.h:129: Fehler: expected »)« before »*« token
/usr/include/glib-2.0/glib/gmem.h:130: Fehler: expected »)« before »*« token
/usr/include/glib-2.0/glib/gmem.h:131: Fehler: expected »)« before »*« token
/usr/include/glib-2.0/glib/gmem.h:133: Fehler: expected »)« before »*« token
/usr/include/glib-2.0/glib/gmem.h:134: Fehler: expected »)« before »*« token
/usr/include/glib-2.0/glib/gmem.h:135: Fehler: expected »)« before »*« token
/usr/include/glib-2.0/glib/gmem.h:138: Fehler: expected declaration specifiers before »GAllocator«
/usr/include/glib-2.0/glib/gmem.h:140: Fehler: expected »)« before »*« token
/usr/include/glib-2.0/glib/gmem.h:146: Fehler: expected declaration specifiers before »G_END_DECLS«
In file included from /usr/include/glib-2.0/glib/gcache.h:30,
                 from /usr/include/glib-2.0/glib.h:37,
                 from /home/jb/devel/cc/jamm/test/upnp/pupnp/main.c:32:
/usr/include/glib-2.0/glib/glist.h:39: Fehler: expected specifier-qualifier-list before »GList«
/usr/include/glib-2.0/glib/glist.h:41: Warnung: Leere Deklaration
/usr/include/glib-2.0/glib/glist.h:45: Fehler: expected declaration specifiers before »GList«
/usr/include/glib-2.0/glib/glist.h:46: Fehler: expected »)« before »*« token
/usr/include/glib-2.0/glib/glist.h:47: Fehler: expected »)« before »*« token
/usr/include/glib-2.0/glib/glist.h:49: Fehler: expected declaration specifiers before »GList«
/usr/include/glib-2.0/glib/glist.h:51: Fehler: expected declaration specifiers before »GList«
/usr/include/glib-2.0/glib/glist.h:53: Fehler: expected declaration specifiers before »GList«
/usr/include/glib-2.0/glib/glist.h:56: Fehler: expected declaration specifiers before »GList«
/usr/include/glib-2.0/glib/glist.h:59: Fehler: expected declaration specifiers before »GList«
/usr/include/glib-2.0/glib/glist.h:63: Fehler: expected declaration specifiers before »GList«
/usr/include/glib-2.0/glib/glist.h:66: Fehler: expected declaration specifiers before »GList«
/usr/include/glib-2.0/glib/glist.h:68: Fehler: expected declaration specifiers before »GList«
/usr/include/glib-2.0/glib/glist.h:70: Fehler: expected declaration specifiers before »GList«
/usr/include/glib-2.0/glib/glist.h:72: Fehler: expected declaration specifiers before »GList«
/usr/include/glib-2.0/glib/glist.h:74: Fehler: expected declaration specifiers before »GList«
/usr/include/glib-2.0/glib/glist.h:76: Fehler: expected declaration specifiers before »GList«
/usr/include/glib-2.0/glib/glist.h:77: Fehler: expected declaration specifiers before »GList«
/usr/include/glib-2.0/glib/glist.h:78: Fehler: expected declaration specifiers before »GList«
/usr/include/glib-2.0/glib/glist.h:80: Fehler: expected declaration specifiers before »GList«
/usr/include/glib-2.0/glib/glist.h:82: Fehler: expected declaration specifiers before »GList«
/usr/include/glib-2.0/glib/glist.h:84: Fehler: expected declaration specifiers before »GList«
/usr/include/glib-2.0/glib/glist.h:87: Fehler: expected »)« before »*« token
/usr/include/glib-2.0/glib/glist.h:89: Fehler: expected »)« before »*« token
/usr/include/glib-2.0/glib/glist.h:91: Fehler: expected declaration specifiers before »GList«
/usr/include/glib-2.0/glib/glist.h:92: Fehler: expected declaration specifiers before »GList«
/usr/include/glib-2.0/glib/glist.h:93: Fehler: expected »)« before »*« token
/usr/include/glib-2.0/glib/glist.h:94: Fehler: expected »)« before »*« token
/usr/include/glib-2.0/glib/glist.h:97: Fehler: expected declaration specifiers before »GList«
/usr/include/glib-2.0/glib/glist.h:99: Fehler: expected declaration specifiers before »GList«
/usr/include/glib-2.0/glib/glist.h:102: Fehler: expected »)« before »*« token
/usr/include/glib-2.0/glib/glist.h:113: Fehler: expected declaration specifiers before »G_END_DECLS«
In file included from /usr/include/glib-2.0/glib.h:37,
                 from /home/jb/devel/cc/jamm/test/upnp/pupnp/main.c:32:
/usr/include/glib-2.0/glib/gcache.h:36: Fehler: Speicherklasse für Parameter »GCacheNewFunc« angegeben
/usr/include/glib-2.0/glib/gcache.h:37: Fehler: Speicherklasse für Parameter »GCacheDupFunc« angegeben
/usr/include/glib-2.0/glib/gcache.h:38: Fehler: Speicherklasse für Parameter »GCacheDestroyFunc« angegeben
/usr/include/glib-2.0/glib/gcache.h:42: Fehler: expected declaration specifiers before »GCache«
/usr/include/glib-2.0/glib/gcache.h:49: Fehler: expected »)« before »*« token
/usr/include/glib-2.0/glib/gcache.h:50: Fehler: expected »)« before »*« token
/usr/include/glib-2.0/glib/gcache.h:52: Fehler: expected »)« before »*« token
/usr/include/glib-2.0/glib/gcache.h:54: Fehler: expected »)« before »*« token
/usr/include/glib-2.0/glib/gcache.h:58: Fehler: expected »)« before »*« token
/usr/include/glib-2.0/glib/gcache.h:63: Fehler: expected declaration specifiers before »G_END_DECLS«
In file included from /usr/include/glib-2.0/glib.h:38,
                 from /home/jb/devel/cc/jamm/test/upnp/pupnp/main.c:32:
/usr/include/glib-2.0/glib/gcompletion.h:36: Fehler: expected »=«, »,«, »;«, »asm« or »__attribute__« before »*« token
/usr/include/glib-2.0/glib/gcompletion.h:41: Fehler: expected »;«, »,« or »)« before »*« token
/usr/include/glib-2.0/glib/gcompletion.h:47: Fehler: expected specifier-qualifier-list before »GList«
/usr/include/glib-2.0/glib/gcompletion.h:53: Warnung: Leere Deklaration
/usr/include/glib-2.0/glib/gcompletion.h:55: Fehler: expected declaration specifiers before »GCompletion«
/usr/include/glib-2.0/glib/gcompletion.h:56: Fehler: expected »)« before »*« token
/usr/include/glib-2.0/glib/gcompletion.h:58: Fehler: expected »)« before »*« token
/usr/include/glib-2.0/glib/gcompletion.h:60: Fehler: expected »)« before »*« token
/usr/include/glib-2.0/glib/gcompletion.h:61: Fehler: expected declaration specifiers before »GList«
/usr/include/glib-2.0/glib/gcompletion.h:64: Fehler: expected declaration specifiers before »GList«
/usr/include/glib-2.0/glib/gcompletion.h:67: Fehler: expected »)« before »*« token
/usr/include/glib-2.0/glib/gcompletion.h:69: Fehler: expected »)« before »*« token
/usr/include/glib-2.0/glib/gcompletion.h:71: Fehler: expected declaration specifiers before »G_END_DECLS«
In file included from /usr/include/glib-2.0/glib.h:39,
                 from /home/jb/devel/cc/jamm/test/upnp/pupnp/main.c:32:
/usr/include/glib-2.0/glib/gconvert.h:42: Fehler: expected declaration specifiers before »GConvertError«
/usr/include/glib-2.0/glib/gconvert.h:45: Fehler: expected declaration specifiers before »GQuark«
/usr/include/glib-2.0/glib/gconvert.h:49: Fehler: Speicherklasse für Parameter »GIConv« angegeben
/usr/include/glib-2.0/glib/gconvert.h:51: Fehler: expected declaration specifiers before »GIConv«
/usr/include/glib-2.0/glib/gconvert.h:53: Fehler: expected declaration specifiers before »gsize«
/usr/include/glib-2.0/glib/gconvert.h:58: Fehler: expected »)« before »converter«
/usr/include/glib-2.0/glib/gconvert.h:61: Fehler: expected declaration specifiers before »gchar«
/usr/include/glib-2.0/glib/gconvert.h:68: Fehler: expected declaration specifiers before »gchar«
/usr/include/glib-2.0/glib/gconvert.h:74: Fehler: expected declaration specifiers before »gchar«
/usr/include/glib-2.0/glib/gconvert.h:86: Fehler: expected declaration specifiers before »gchar«
/usr/include/glib-2.0/glib/gconvert.h:91: Fehler: expected declaration specifiers before »gchar«
/usr/include/glib-2.0/glib/gconvert.h:107: Fehler: expected declaration specifiers before »gchar«
/usr/include/glib-2.0/glib/gconvert.h:112: Fehler: expected declaration specifiers before »gchar«
/usr/include/glib-2.0/glib/gconvert.h:118: Fehler: expected declaration specifiers before »gchar«
/usr/include/glib-2.0/glib/gconvert.h:122: Fehler: expected declaration specifiers before »gchar«
/usr/include/glib-2.0/glib/gconvert.h:125: Fehler: expected declaration specifiers before »gchar«
/usr/include/glib-2.0/glib/gconvert.h:126: Fehler: expected »)« before »gchar«
/usr/include/glib-2.0/glib/gconvert.h:128: Fehler: expected declaration specifiers before »gchar«
/usr/include/glib-2.0/glib/gconvert.h:130: Fehler: expected declaration specifiers before »gchar«
/usr/include/glib-2.0/glib/gconvert.h:132: Fehler: expected declaration specifiers before »G_END_DECLS«
In file included from /usr/include/glib-2.0/glib.h:40,
                 from /home/jb/devel/cc/jamm/test/upnp/pupnp/main.c:32:
/usr/include/glib-2.0/glib/gdataset.h:36: Fehler: expected »)« before »key_id«
/usr/include/glib-2.0/glib/gdataset.h:42: Fehler: expected »)« before »*« token
/usr/include/glib-2.0/glib/gdataset.h:43: Fehler: expected »)« before »*« token
/usr/include/glib-2.0/glib/gdataset.h:44: Fehler: expected »)« before »*« token
/usr/include/glib-2.0/glib/gdataset.h:46: Fehler: expected »)« before »*« token
/usr/include/glib-2.0/glib/gdataset.h:50: Fehler: expected »)« before »*« token
/usr/include/glib-2.0/glib/gdataset.h:52: Fehler: expected »)« before »*« token
/usr/include/glib-2.0/glib/gdataset.h:65: Fehler: expected »)« before »*« token
/usr/include/glib-2.0/glib/gdataset.h:67: Fehler: expected »)« before »*« token
/usr/include/glib-2.0/glib/gdataset.h:69: Fehler: expected »)« before »*« token
/usr/include/glib-2.0/glib/gdataset.h:91: Fehler: expected declaration specifiers or »...« before »GQuark«
/usr/include/glib-2.0/glib/gdataset.h:93: Fehler: expected declaration specifiers or »...« before »GQuark«
/usr/include/glib-2.0/glib/gdataset.h:97: Fehler: expected declaration specifiers or »...« before »GQuark«
/usr/include/glib-2.0/glib/gdataset.h:99: Fehler: expected declaration specifiers or »...« before »GDataForeachFunc«
/usr/include/glib-2.0/glib/gdataset.h:116: Fehler: expected declaration specifiers before »G_END_DECLS«
In file included from /usr/include/glib-2.0/glib.h:41,
                 from /home/jb/devel/cc/jamm/test/upnp/pupnp/main.c:32:
/usr/include/glib-2.0/glib/gdate.h:47: Fehler: expected »=«, »,«, »;«, »asm« or »__attribute__« before »GDateYear«
/usr/include/glib-2.0/glib/gdate.h:48: Fehler: expected »=«, »,«, »;«, »asm« or »__attribute__« before »GDateDay«
/usr/include/glib-2.0/glib/gdate.h:49: Fehler: Speicherklasse für Parameter »GDate« angegeben
/usr/include/glib-2.0/glib/gdate.h:57: Fehler: Speicherklasse für Parameter »GDateDMY« angegeben
/usr/include/glib-2.0/glib/gdate.h:70: Fehler: Speicherklasse für Parameter »GDateWeekday« angegeben
/usr/include/glib-2.0/glib/gdate.h:86: Fehler: Speicherklasse für Parameter »GDateMonth« angegeben
/usr/include/glib-2.0/glib/gdate.h:112: Warnung: Leere Deklaration
/usr/include/glib-2.0/glib/gdate.h:118: Fehler: expected declaration specifiers before »GDate«
/usr/include/glib-2.0/glib/gdate.h:119: Fehler: expected declaration specifiers before »GDate«
/usr/include/glib-2.0/glib/gdate.h:122: Fehler: expected declaration specifiers before »GDate«
/usr/include/glib-2.0/glib/gdate.h:123: Fehler: expected »)« before »*« token
/usr/include/glib-2.0/glib/gdate.h:130: Fehler: expected »;«, »,« or »)« before »*« token
/usr/include/glib-2.0/glib/gdate.h:131: Fehler: expected »)« before »day«
/usr/include/glib-2.0/glib/gdate.h:132: Fehler: expected »)« before »month«
/usr/include/glib-2.0/glib/gdate.h:133: Fehler: expected »)« before »year«
/usr/include/glib-2.0/glib/gdate.h:134: Fehler: expected »)« before »weekday«
/usr/include/glib-2.0/glib/gdate.h:135: Fehler: expected »)« before »julian_date«
/usr/include/glib-2.0/glib/gdate.h:136: Fehler: expected »)« before »day«
/usr/include/glib-2.0/glib/gdate.h:140: Fehler: expected declaration specifiers before »GDateWeekday«
/usr/include/glib-2.0/glib/gdate.h:141: Fehler: expected declaration specifiers before »GDateMonth«
/usr/include/glib-2.0/glib/gdate.h:142: Fehler: expected declaration specifiers before »GDateYear«
/usr/include/glib-2.0/glib/gdate.h:143: Fehler: expected declaration specifiers before »GDateDay«
/usr/include/glib-2.0/glib/gdate.h:144: Fehler: expected declaration specifiers before »guint32«
/usr/include/glib-2.0/glib/gdate.h:145: Fehler: expected »;«, »,« or »)« before »*« token
/usr/include/glib-2.0/glib/gdate.h:152: Fehler: expected »;«, »,« or »)« before »*« token
/usr/include/glib-2.0/glib/gdate.h:153: Fehler: expected »;«, »,« or »)« before »*« token
/usr/include/glib-2.0/glib/gdate.h:154: Fehler: expected »;«, »,« or »)« before »*« token
/usr/include/glib-2.0/glib/gdate.h:160: Fehler: expected »)« before »*« token
/usr/include/glib-2.0/glib/gdate.h:167: Fehler: expected »)« before »*« token
/usr/include/glib-2.0/glib/gdate.h:169: Fehler: expected »)« before »*« token
/usr/include/glib-2.0/glib/gdate.h:171: Fehler: expected »)« before »*« token
/usr/include/glib-2.0/glib/gdate.h:174: Fehler: expected »)« before »*« token
/usr/include/glib-2.0/glib/gdate.h:177: Fehler: expected »)« before »*« token
/usr/include/glib-2.0/glib/gdate.h:179: Fehler: expected »)« before »*« token
/usr/include/glib-2.0/glib/gdate.h:181: Fehler: expected »)« before »*« token
/usr/include/glib-2.0/glib/gdate.h:183: Fehler: expected »)« before »*« token
/usr/include/glib-2.0/glib/gdate.h:187: Fehler: expected »)« before »*« token
/usr/include/glib-2.0/glib/gdate.h:189: Fehler: expected »;«, »,« or »)« before »*« token
/usr/include/glib-2.0/glib/gdate.h:190: Fehler: expected »;«, »,« or »)« before »*« token
/usr/include/glib-2.0/glib/gdate.h:193: Fehler: expected »)« before »*« token
/usr/include/glib-2.0/glib/gdate.h:195: Fehler: expected »)« before »*« token
/usr/include/glib-2.0/glib/gdate.h:199: Fehler: expected »)« before »*« token
/usr/include/glib-2.0/glib/gdate.h:201: Fehler: expected »)« before »*« token
/usr/include/glib-2.0/glib/gdate.h:205: Fehler: expected »)« before »*« token
/usr/include/glib-2.0/glib/gdate.h:207: Fehler: expected »)« before »*« token
/usr/include/glib-2.0/glib/gdate.h:209: Fehler: expected »)« before »year«
/usr/include/glib-2.0/glib/gdate.h:210: Fehler: expected declaration specifiers before »guint8«
/usr/include/glib-2.0/glib/gdate.h:212: Fehler: expected declaration specifiers before »guint8«
/usr/include/glib-2.0/glib/gdate.h:213: Fehler: expected declaration specifiers before »guint8«
/usr/include/glib-2.0/glib/gdate.h:217: Fehler: expected »;«, »,« or »)« before »*« token
/usr/include/glib-2.0/glib/gdate.h:221: Fehler: expected »;«, »,« or »)« before »*« token
/usr/include/glib-2.0/glib/gdate.h:223: Fehler: expected »;«, »,« or »)« before »*« token
/usr/include/glib-2.0/glib/gdate.h:226: Fehler: expected »)« before »*« token
/usr/include/glib-2.0/glib/gdate.h:231: Fehler: expected »)« before »*« token
/usr/include/glib-2.0/glib/gdate.h:236: Fehler: expected declaration specifiers before »gsize«
/usr/include/glib-2.0/glib/gdate.h:257: Fehler: expected declaration specifiers before »G_END_DECLS«
In file included from /usr/include/glib-2.0/glib.h:42,
                 from /home/jb/devel/cc/jamm/test/upnp/pupnp/main.c:32:
/usr/include/glib-2.0/glib/gdir.h:38: Fehler: expected declaration specifiers before »GDir«
/usr/include/glib-2.0/glib/gdir.h:41: Fehler: expected declaration specifiers before »G_CONST_RETURN«
/usr/include/glib-2.0/glib/gdir.h:42: Fehler: expected »)« before »*« token
/usr/include/glib-2.0/glib/gdir.h:43: Fehler: expected »)« before »*« token
/usr/include/glib-2.0/glib/gdir.h:45: Fehler: expected declaration specifiers before »G_END_DECLS«
In file included from /usr/include/glib-2.0/glib.h:44,
                 from /home/jb/devel/cc/jamm/test/upnp/pupnp/main.c:32:
/usr/include/glib-2.0/glib/gfileutils.h:57: Fehler: expected declaration specifiers before »GFileError«
/usr/include/glib-2.0/glib/gfileutils.h:70: Fehler: Speicherklasse für Parameter »GFileTest« angegeben
/usr/include/glib-2.0/glib/gfileutils.h:72: Fehler: expected declaration specifiers before »GQuark«
/usr/include/glib-2.0/glib/gfileutils.h:74: Fehler: expected declaration specifiers before »GFileError«
/usr/include/glib-2.0/glib/gfileutils.h:83: Fehler: expected »;«, »,« or »)« before »*« token
/usr/include/glib-2.0/glib/gfileutils.h:85: Fehler: expected »;«, »,« or »)« before »*« token
/usr/include/glib-2.0/glib/gfileutils.h:89: Fehler: expected »;«, »,« or »)« before »*« token
/usr/include/glib-2.0/glib/gfileutils.h:93: Fehler: expected declaration specifiers before »gchar«
/usr/include/glib-2.0/glib/gfileutils.h:97: Fehler: expected »)« before »*« token
/usr/include/glib-2.0/glib/gfileutils.h:100: Fehler: expected »;«, »,« or »)« before »*« token
/usr/include/glib-2.0/glib/gfileutils.h:104: Fehler: expected declaration specifiers before »gchar«
/usr/include/glib-2.0/glib/gfileutils.h:107: Fehler: expected declaration specifiers before »gchar«
/usr/include/glib-2.0/glib/gfileutils.h:110: Fehler: expected declaration specifiers before »gchar«
/usr/include/glib-2.0/glib/gfileutils.h:112: Fehler: expected declaration specifiers before »gchar«
/usr/include/glib-2.0/glib/gfileutils.h:114: Fehler: expected »;«, »,« or »)« before »*« token
/usr/include/glib-2.0/glib/gfileutils.h:117: Fehler: expected declaration specifiers before »G_END_DECLS«
In file included from /usr/include/glib-2.0/glib.h:45,
                 from /home/jb/devel/cc/jamm/test/upnp/pupnp/main.c:32:
/usr/include/glib-2.0/glib/ghash.h:39: Fehler: Speicherklasse für Parameter »GHRFunc« angegeben
/usr/include/glib-2.0/glib/ghash.h:43: Fehler: expected declaration specifiers before »GHashTable«
/usr/include/glib-2.0/glib/ghash.h:45: Fehler: expected declaration specifiers before »GHashTable«
/usr/include/glib-2.0/glib/ghash.h:49: Fehler: expected »)« before »*« token
/usr/include/glib-2.0/glib/ghash.h:50: Fehler: expected »)« before »*« token
/usr/include/glib-2.0/glib/ghash.h:53: Fehler: expected »)« before »*« token
/usr/include/glib-2.0/glib/ghash.h:56: Fehler: expected »)« before »*« token
/usr/include/glib-2.0/glib/ghash.h:58: Fehler: expected »)« before »*« token
/usr/include/glib-2.0/glib/ghash.h:59: Fehler: expected »)« before »*« token
/usr/include/glib-2.0/glib/ghash.h:61: Fehler: expected »)« before »*« token
/usr/include/glib-2.0/glib/ghash.h:62: Fehler: expected »)« before »*« token
/usr/include/glib-2.0/glib/ghash.h:64: Fehler: expected »)« before »*« token
/usr/include/glib-2.0/glib/ghash.h:68: Fehler: expected »)« before »*« token
/usr/include/glib-2.0/glib/ghash.h:71: Fehler: expected »)« before »*« token
/usr/include/glib-2.0/glib/ghash.h:74: Fehler: expected »)« before »*« token
/usr/include/glib-2.0/glib/ghash.h:77: Fehler: expected »)« before »*« token
/usr/include/glib-2.0/glib/ghash.h:80: Fehler: expected »)« before »*« token
/usr/include/glib-2.0/glib/ghash.h:81: Fehler: expected declaration specifiers before »GList«
/usr/include/glib-2.0/glib/ghash.h:82: Fehler: expected declaration specifiers before »GList«
/usr/include/glib-2.0/glib/ghash.h:85: Fehler: expected declaration specifiers before »GHashTable«
/usr/include/glib-2.0/glib/ghash.h:86: Fehler: expected »)« before »*« token
/usr/include/glib-2.0/glib/ghash.h:113: Fehler: expected »=«, »,«, »;«, »asm« or »__attribute__« before »G_GNUC_CONST«
/usr/include/glib-2.0/glib/ghash.h:115: Fehler: expected »=«, »,«, »;«, »asm« or »__attribute__« before »G_GNUC_CONST«
/usr/include/glib-2.0/glib/ghash.h:117: Fehler: expected declaration specifiers before »G_END_DECLS«
In file included from /usr/include/glib-2.0/glib.h:46,
                 from /home/jb/devel/cc/jamm/test/upnp/pupnp/main.c:32:
/usr/include/glib-2.0/glib/ghook.h:37: Fehler: Speicherklasse für Parameter »GHookList« angegeben
/usr/include/glib-2.0/glib/ghook.h:39: Fehler: expected »)« before »*« token
/usr/include/glib-2.0/glib/ghook.h:41: Fehler: expected »)« before »*« token
/usr/include/glib-2.0/glib/ghook.h:43: Fehler: expected »)« before »*« token
/usr/include/glib-2.0/glib/ghook.h:45: Fehler: expected »)« before »*« token
/usr/include/glib-2.0/glib/ghook.h:47: Fehler: Speicherklasse für Parameter »GHookFunc« angegeben
/usr/include/glib-2.0/glib/ghook.h:48: Fehler: Speicherklasse für Parameter »GHookCheckFunc« angegeben
/usr/include/glib-2.0/glib/ghook.h:49: Fehler: expected »)« before »*« token
/usr/include/glib-2.0/glib/ghook.h:56: Fehler: Speicherklasse für Parameter »GHookFlagMask« angegeben
/usr/include/glib-2.0/glib/ghook.h:66: Fehler: expected specifier-qualifier-list before »GHook«
/usr/include/glib-2.0/glib/ghook.h:70: Warnung: Leere Deklaration
/usr/include/glib-2.0/glib/ghook.h:74: Fehler: expected specifier-qualifier-list before »GHook«
/usr/include/glib-2.0/glib/ghook.h:81: Warnung: Leere Deklaration
/usr/include/glib-2.0/glib/ghook.h:102: Fehler: expected »)« before »*« token
/usr/include/glib-2.0/glib/ghook.h:104: Fehler: expected »)« before »*« token
/usr/include/glib-2.0/glib/ghook.h:105: Fehler: expected declaration specifiers before »GHook«
/usr/include/glib-2.0/glib/ghook.h:106: Fehler: expected »)« before »*« token
/usr/include/glib-2.0/glib/ghook.h:108: Fehler: expected declaration specifiers before »GHook«
/usr/include/glib-2.0/glib/ghook.h:110: Fehler: expected »)« before »*« token
/usr/include/glib-2.0/glib/ghook.h:112: Fehler: expected »)« before »*« token
/usr/include/glib-2.0/glib/ghook.h:114: Fehler: expected »)« before »*« token
/usr/include/glib-2.0/glib/ghook.h:116: Fehler: expected »)« before »*« token
/usr/include/glib-2.0/glib/ghook.h:118: Fehler: expected »)« before »*« token
/usr/include/glib-2.0/glib/ghook.h:121: Fehler: expected »)« before »*« token
/usr/include/glib-2.0/glib/ghook.h:124: Fehler: expected declaration specifiers before »GHook«
/usr/include/glib-2.0/glib/ghook.h:126: Fehler: expected declaration specifiers before »GHook«
/usr/include/glib-2.0/glib/ghook.h:130: Fehler: expected declaration specifiers before »GHook«
/usr/include/glib-2.0/glib/ghook.h:133: Fehler: expected declaration specifiers before »GHook«
/usr/include/glib-2.0/glib/ghook.h:136: Fehler: expected declaration specifiers before »GHook«
/usr/include/glib-2.0/glib/ghook.h:141: Fehler: expected declaration specifiers before »GHook«
/usr/include/glib-2.0/glib/ghook.h:146: Fehler: expected declaration specifiers before »GHook«
/usr/include/glib-2.0/glib/ghook.h:150: Fehler: expected »)« before »*« token
/usr/include/glib-2.0/glib/ghook.h:157: Fehler: expected »)« before »*« token
/usr/include/glib-2.0/glib/ghook.h:162: Fehler: expected »)« before »*« token
/usr/include/glib-2.0/glib/ghook.h:166: Fehler: expected »)« before »*« token
/usr/include/glib-2.0/glib/ghook.h:170: Fehler: expected »)« before »*« token
/usr/include/glib-2.0/glib/ghook.h:175: Fehler: expected declaration specifiers before »G_END_DECLS«
In file included from /usr/include/glib-2.0/glib/gmain.h:23,
                 from /usr/include/glib-2.0/glib/giochannel.h:31,
                 from /usr/include/glib-2.0/glib.h:47,
                 from /home/jb/devel/cc/jamm/test/upnp/pupnp/main.c:32:
/usr/include/glib-2.0/glib/gslist.h:39: Fehler: expected specifier-qualifier-list before »GSList«
/usr/include/glib-2.0/glib/gslist.h:40: Warnung: Leere Deklaration
/usr/include/glib-2.0/glib/gslist.h:44: Fehler: expected declaration specifiers before »GSList«
/usr/include/glib-2.0/glib/gslist.h:45: Fehler: expected »)« before »*« token
/usr/include/glib-2.0/glib/gslist.h:46: Fehler: expected »)« before »*« token
/usr/include/glib-2.0/glib/gslist.h:48: Fehler: expected declaration specifiers before »GSList«
/usr/include/glib-2.0/glib/gslist.h:50: Fehler: expected declaration specifiers before »GSList«
/usr/include/glib-2.0/glib/gslist.h:52: Fehler: expected declaration specifiers before »GSList«
/usr/include/glib-2.0/glib/gslist.h:55: Fehler: expected declaration specifiers before »GSList«
/usr/include/glib-2.0/glib/gslist.h:58: Fehler: expected declaration specifiers before »GSList«
/usr/include/glib-2.0/glib/gslist.h:62: Fehler: expected declaration specifiers before »GSList«
/usr/include/glib-2.0/glib/gslist.h:65: Fehler: expected declaration specifiers before »GSList«
/usr/include/glib-2.0/glib/gslist.h:67: Fehler: expected declaration specifiers before »GSList«
/usr/include/glib-2.0/glib/gslist.h:69: Fehler: expected declaration specifiers before »GSList«
/usr/include/glib-2.0/glib/gslist.h:71: Fehler: expected declaration specifiers before »GSList«
/usr/include/glib-2.0/glib/gslist.h:73: Fehler: expected declaration specifiers before »GSList«
/usr/include/glib-2.0/glib/gslist.h:75: Fehler: expected declaration specifiers before »GSList«
/usr/include/glib-2.0/glib/gslist.h:76: Fehler: expected declaration specifiers before »GSList«
/usr/include/glib-2.0/glib/gslist.h:77: Fehler: expected declaration specifiers before »GSList«
/usr/include/glib-2.0/glib/gslist.h:79: Fehler: expected declaration specifiers before »GSList«
/usr/include/glib-2.0/glib/gslist.h:81: Fehler: expected declaration specifiers before »GSList«
/usr/include/glib-2.0/glib/gslist.h:84: Fehler: expected »)« before »*« token
/usr/include/glib-2.0/glib/gslist.h:86: Fehler: expected »)« before »*« token
/usr/include/glib-2.0/glib/gslist.h:88: Fehler: expected declaration specifiers before »GSList«
/usr/include/glib-2.0/glib/gslist.h:89: Fehler: expected »)« before »*« token
/usr/include/glib-2.0/glib/gslist.h:90: Fehler: expected »)« before »*« token
/usr/include/glib-2.0/glib/gslist.h:93: Fehler: expected declaration specifiers before »GSList«
/usr/include/glib-2.0/glib/gslist.h:95: Fehler: expected declaration specifiers before »GSList«
/usr/include/glib-2.0/glib/gslist.h:98: Fehler: expected »)« before »*« token
/usr/include/glib-2.0/glib/gslist.h:107: Fehler: expected declaration specifiers before »G_END_DECLS«
In file included from /usr/include/glib-2.0/glib/giochannel.h:31,
                 from /usr/include/glib-2.0/glib.h:47,
                 from /home/jb/devel/cc/jamm/test/upnp/pupnp/main.c:32:
/usr/include/glib-2.0/glib/gmain.h:29: Fehler: Speicherklasse für Parameter »GMainLoop« angegeben
/usr/include/glib-2.0/glib/gmain.h:30: Fehler: Speicherklasse für Parameter »GSource« angegeben
/usr/include/glib-2.0/glib/gmain.h:31: Fehler: Speicherklasse für Parameter »GSourceCallbackFuncs« angegeben
/usr/include/glib-2.0/glib/gmain.h:32: Fehler: Speicherklasse für Parameter »GSourceFuncs« angegeben
/usr/include/glib-2.0/glib/gmain.h:34: Fehler: Speicherklasse für Parameter »GSourceFunc« angegeben
/usr/include/glib-2.0/glib/gmain.h:35: Fehler: expected »)« before »pid«
/usr/include/glib-2.0/glib/gmain.h:42: Fehler: expected specifier-qualifier-list before »GSourceCallbackFuncs«
/usr/include/glib-2.0/glib/gmain.h:60: Warnung: Leere Deklaration
/usr/include/glib-2.0/glib/gmain.h:67: Fehler: expected declaration specifiers or »...« before »GSource«
/usr/include/glib-2.0/glib/gmain.h:68: Fehler: expected declaration specifiers or »...« before »GSourceFunc«
/usr/include/glib-2.0/glib/gmain.h:70: Warnung: Leere Deklaration
/usr/include/glib-2.0/glib/gmain.h:72: Fehler: Speicherklasse für Parameter »GSourceDummyMarshal« angegeben
/usr/include/glib-2.0/glib/gmain.h:76: Fehler: expected »)« before »*« token
/usr/include/glib-2.0/glib/gmain.h:78: Fehler: expected »;« before »gboolean«
/usr/include/glib-2.0/glib/gmain.h:87: Warnung: Leere Deklaration
/usr/include/glib-2.0/glib/gmain.h:116: Fehler: Speicherklasse für Parameter »GPollFD« angegeben
/usr/include/glib-2.0/glib/gmain.h:117: Fehler: expected »)« before »*« token
/usr/include/glib-2.0/glib/gmain.h:130: Warnung: Leere Deklaration
/usr/include/glib-2.0/glib/gmain.h:142: Fehler: expected declaration specifiers before »GMainContext«
/usr/include/glib-2.0/glib/gmain.h:143: Fehler: expected declaration specifiers before »GMainContext«
/usr/include/glib-2.0/glib/gmain.h:144: Fehler: expected »)« before »*« token
/usr/include/glib-2.0/glib/gmain.h:145: Fehler: expected declaration specifiers before »GMainContext«
/usr/include/glib-2.0/glib/gmain.h:147: Fehler: expected »)« before »*« token
/usr/include/glib-2.0/glib/gmain.h:149: Fehler: expected »)« before »*« token
/usr/include/glib-2.0/glib/gmain.h:153: Fehler: expected declaration specifiers before »GSource«
/usr/include/glib-2.0/glib/gmain.h:155: Fehler: expected declaration specifiers before »GSource«
/usr/include/glib-2.0/glib/gmain.h:157: Fehler: expected declaration specifiers before »GSource«
/usr/include/glib-2.0/glib/gmain.h:163: Fehler: expected »)« before »*« token
/usr/include/glib-2.0/glib/gmain.h:164: Fehler: expected »)« before »*« token
/usr/include/glib-2.0/glib/gmain.h:165: Fehler: expected »)« before »*« token
/usr/include/glib-2.0/glib/gmain.h:166: Fehler: expected »)« before »*« token
/usr/include/glib-2.0/glib/gmain.h:167: Fehler: expected »)« before »*« token
/usr/include/glib-2.0/glib/gmain.h:171: Fehler: expected »)« before »*« token
/usr/include/glib-2.0/glib/gmain.h:173: Fehler: expected »)« before »*« token
/usr/include/glib-2.0/glib/gmain.h:178: Fehler: expected »)« before »*« token
/usr/include/glib-2.0/glib/gmain.h:182: Fehler: expected »)« before »*« token
/usr/include/glib-2.0/glib/gmain.h:184: Fehler: expected »)« before »*« token
/usr/include/glib-2.0/glib/gmain.h:186: Fehler: expected declaration specifiers before »GPollFunc«
/usr/include/glib-2.0/glib/gmain.h:190: Fehler: expected »)« before »*« token
/usr/include/glib-2.0/glib/gmain.h:193: Fehler: expected »)« before »*« token
/usr/include/glib-2.0/glib/gmain.h:197: Fehler: expected declaration specifiers before »GSource«
/usr/include/glib-2.0/glib/gmain.h:202: Fehler: expected declaration specifiers before »GMainLoop«
/usr/include/glib-2.0/glib/gmain.h:204: Fehler: expected »)« before »*« token
/usr/include/glib-2.0/glib/gmain.h:205: Fehler: expected »)« before »*« token
/usr/include/glib-2.0/glib/gmain.h:206: Fehler: expected declaration specifiers before »GMainLoop«
/usr/include/glib-2.0/glib/gmain.h:207: Fehler: expected »)« before »*« token
/usr/include/glib-2.0/glib/gmain.h:208: Fehler: expected »)« before »*« token
/usr/include/glib-2.0/glib/gmain.h:209: Fehler: expected declaration specifiers before »GMainContext«
/usr/include/glib-2.0/glib/gmain.h:213: Fehler: expected declaration specifiers before »GSource«
/usr/include/glib-2.0/glib/gmain.h:215: Fehler: expected declaration specifiers before »GSource«
/usr/include/glib-2.0/glib/gmain.h:216: Fehler: expected »)« before »*« token
/usr/include/glib-2.0/glib/gmain.h:218: Fehler: expected »)« before »*« token
/usr/include/glib-2.0/glib/gmain.h:220: Fehler: expected »)« before »*« token
/usr/include/glib-2.0/glib/gmain.h:222: Fehler: expected »)« before »*« token
/usr/include/glib-2.0/glib/gmain.h:224: Fehler: expected »)« before »*« token
/usr/include/glib-2.0/glib/gmain.h:225: Fehler: expected »)« before »*« token
/usr/include/glib-2.0/glib/gmain.h:227: Fehler: expected »)« before »*« token
/usr/include/glib-2.0/glib/gmain.h:228: Fehler: expected »)« before »*« token
/usr/include/glib-2.0/glib/gmain.h:230: Fehler: expected declaration specifiers before »GMainContext«
/usr/include/glib-2.0/glib/gmain.h:232: Fehler: expected »)« before »*« token
/usr/include/glib-2.0/glib/gmain.h:237: Fehler: expected »)« before »*« token
/usr/include/glib-2.0/glib/gmain.h:239: Fehler: expected »)« before »*« token
/usr/include/glib-2.0/glib/gmain.h:242: Fehler: expected »)« before »*« token
/usr/include/glib-2.0/glib/gmain.h:246: Fehler: expected »)« before »*« token
/usr/include/glib-2.0/glib/gmain.h:248: Fehler: expected »)« before »*« token
/usr/include/glib-2.0/glib/gmain.h:251: Fehler: expected »)« before »*« token
/usr/include/glib-2.0/glib/gmain.h:260: Fehler: expected declaration specifiers before »GSource«
/usr/include/glib-2.0/glib/gmain.h:261: Fehler: expected declaration specifiers before »GSource«
/usr/include/glib-2.0/glib/gmain.h:262: Fehler: expected declaration specifiers before »GSource«
/usr/include/glib-2.0/glib/gmain.h:263: Fehler: expected declaration specifiers before »GSource«
/usr/include/glib-2.0/glib/gmain.h:294: Fehler: expected »)« before »*« token
/usr/include/glib-2.0/glib/gmain.h:300: Fehler: expected declaration specifiers or »...« before »GSourceFunc«
/usr/include/glib-2.0/glib/gmain.h:304: Fehler: expected declaration specifiers or »...« before »GSourceFunc«
/usr/include/glib-2.0/glib/gmain.h:308: Fehler: expected declaration specifiers or »...« before »GSourceFunc«
/usr/include/glib-2.0/glib/gmain.h:312: Fehler: expected declaration specifiers or »...« before »GSourceFunc«
/usr/include/glib-2.0/glib/gmain.h:315: Fehler: expected declaration specifiers or »...« before »GPid«
/usr/include/glib-2.0/glib/gmain.h:316: Fehler: expected declaration specifiers or »...« before »GChildWatchFunc«
/usr/include/glib-2.0/glib/gmain.h:319: Fehler: expected »)« before »pid«
/usr/include/glib-2.0/glib/gmain.h:322: Fehler: expected »)« before »function«
/usr/include/glib-2.0/glib/gmain.h:325: Fehler: expected declaration specifiers or »...« before »GSourceFunc«
/usr/include/glib-2.0/glib/gmain.h:331: Fehler: expected »=«, »,«, »;«, »asm« or »__attribute__« before »g_timeout_funcs«
/usr/include/glib-2.0/glib/gmain.h:332: Fehler: expected »=«, »,«, »;«, »asm« or »__attribute__« before »g_child_watch_funcs«
/usr/include/glib-2.0/glib/gmain.h:333: Fehler: expected »=«, »,«, »;«, »asm« or »__attribute__« before »g_idle_funcs«
/usr/include/glib-2.0/glib/gmain.h:335: Fehler: expected declaration specifiers before »G_END_DECLS«
In file included from /usr/include/glib-2.0/glib/gstring.h:31,
                 from /usr/include/glib-2.0/glib/giochannel.h:32,
                 from /usr/include/glib-2.0/glib.h:47,
                 from /home/jb/devel/cc/jamm/test/upnp/pupnp/main.c:32:
/usr/include/glib-2.0/glib/gunicode.h:31: Fehler: expected »=«, »,«, »;«, »asm« or »__attribute__« before »gunichar2«
/usr/include/glib-2.0/glib/gunicode.h:68: Fehler: Speicherklasse für Parameter »GUnicodeType« angegeben
/usr/include/glib-2.0/glib/gunicode.h:113: Fehler: Speicherklasse für Parameter »GUnicodeBreakType« angegeben
/usr/include/glib-2.0/glib/gunicode.h:191: Fehler: Speicherklasse für Parameter »GUnicodeScript« angegeben
/usr/include/glib-2.0/glib/gunicode.h:199: Fehler: expected »)« before »char«
/usr/include/glib-2.0/glib/gunicode.h:203: Fehler: expected »)« before »c«
/usr/include/glib-2.0/glib/gunicode.h:204: Fehler: expected »)« before »c«
/usr/include/glib-2.0/glib/gunicode.h:205: Fehler: expected »)« before »c«
/usr/include/glib-2.0/glib/gunicode.h:206: Fehler: expected »)« before »c«
/usr/include/glib-2.0/glib/gunicode.h:207: Fehler: expected »)« before »c«
/usr/include/glib-2.0/glib/gunicode.h:208: Fehler: expected »)« before »c«
/usr/include/glib-2.0/glib/gunicode.h:209: Fehler: expected »)« before »c«
/usr/include/glib-2.0/glib/gunicode.h:210: Fehler: expected »)« before »c«
/usr/include/glib-2.0/glib/gunicode.h:211: Fehler: expected »)« before »c«
/usr/include/glib-2.0/glib/gunicode.h:212: Fehler: expected »)« before »c«
/usr/include/glib-2.0/glib/gunicode.h:213: Fehler: expected »)« before »c«
/usr/include/glib-2.0/glib/gunicode.h:214: Fehler: expected »)« before »c«
/usr/include/glib-2.0/glib/gunicode.h:215: Fehler: expected »)« before »c«
/usr/include/glib-2.0/glib/gunicode.h:216: Fehler: expected »)« before »c«
/usr/include/glib-2.0/glib/gunicode.h:217: Fehler: expected »)« before »c«
/usr/include/glib-2.0/glib/gunicode.h:218: Fehler: expected »)« before »c«
/usr/include/glib-2.0/glib/gunicode.h:219: Fehler: expected »)« before »c«
/usr/include/glib-2.0/glib/gunicode.h:223: Fehler: expected declaration specifiers before »gunichar«
/usr/include/glib-2.0/glib/gunicode.h:224: Fehler: expected declaration specifiers before »gunichar«
/usr/include/glib-2.0/glib/gunicode.h:225: Fehler: expected declaration specifiers before »gunichar«
/usr/include/glib-2.0/glib/gunicode.h:229: Fehler: expected »)« before »c«
/usr/include/glib-2.0/glib/gunicode.h:231: Fehler: expected »)« before »c«
/usr/include/glib-2.0/glib/gunicode.h:234: Fehler: expected declaration specifiers before »GUnicodeType«
/usr/include/glib-2.0/glib/gunicode.h:237: Fehler: expected declaration specifiers before »GUnicodeBreakType«
/usr/include/glib-2.0/glib/gunicode.h:240: Fehler: expected »)« before »uc«
/usr/include/glib-2.0/glib/gunicode.h:246: Fehler: expected »)« before »*« token
/usr/include/glib-2.0/glib/gunicode.h:252: Fehler: expected declaration specifiers before »gunichar«
/usr/include/glib-2.0/glib/gunicode.h:257: Fehler: expected »=«, »,«, »;«, »asm« or »__attribute__« before »*« token
/usr/include/glib-2.0/glib/gunicode.h:261: Fehler: expected declaration specifiers before »gunichar«
/usr/include/glib-2.0/glib/gunicode.h:262: Fehler: expected declaration specifiers before »gunichar«
/usr/include/glib-2.0/glib/gunicode.h:265: Fehler: expected declaration specifiers before »gchar«
/usr/include/glib-2.0/glib/gunicode.h:267: Fehler: expected »;«, »,« or »)« before »*« token
/usr/include/glib-2.0/glib/gunicode.h:269: Fehler: expected declaration specifiers before »gchar«
/usr/include/glib-2.0/glib/gunicode.h:270: Fehler: expected declaration specifiers before »gchar«
/usr/include/glib-2.0/glib/gunicode.h:272: Fehler: expected declaration specifiers before »gchar«
/usr/include/glib-2.0/glib/gunicode.h:275: Fehler: expected »;«, »,« or »)« before »*« token
/usr/include/glib-2.0/glib/gunicode.h:279: Fehler: expected declaration specifiers before »gchar«
/usr/include/glib-2.0/glib/gunicode.h:285: Fehler: expected declaration specifiers before »gchar«
/usr/include/glib-2.0/glib/gunicode.h:288: Fehler: expected declaration specifiers before »gchar«
/usr/include/glib-2.0/glib/gunicode.h:291: Fehler: expected declaration specifiers before »gchar«
/usr/include/glib-2.0/glib/gunicode.h:294: Fehler: expected declaration specifiers before »gunichar2«
/usr/include/glib-2.0/glib/gunicode.h:299: Fehler: expected declaration specifiers before »gunichar«
/usr/include/glib-2.0/glib/gunicode.h:304: Fehler: expected declaration specifiers before »gunichar«
/usr/include/glib-2.0/glib/gunicode.h:307: Fehler: expected declaration specifiers before »gunichar«
/usr/include/glib-2.0/glib/gunicode.h:312: Fehler: expected declaration specifiers before »gchar«
/usr/include/glib-2.0/glib/gunicode.h:317: Fehler: expected declaration specifiers before »gunichar2«
/usr/include/glib-2.0/glib/gunicode.h:322: Fehler: expected declaration specifiers before »gchar«
/usr/include/glib-2.0/glib/gunicode.h:332: Fehler: expected »)« before »c«
/usr/include/glib-2.0/glib/gunicode.h:339: Fehler: expected »;«, »,« or »)« before »*« token
/usr/include/glib-2.0/glib/gunicode.h:344: Fehler: expected »)« before »ch«
/usr/include/glib-2.0/glib/gunicode.h:346: Fehler: expected declaration specifiers before »gchar«
/usr/include/glib-2.0/glib/gunicode.h:348: Fehler: expected declaration specifiers before »gchar«
/usr/include/glib-2.0/glib/gunicode.h:350: Fehler: expected declaration specifiers before »gchar«
/usr/include/glib-2.0/glib/gunicode.h:362: Fehler: Speicherklasse für Parameter »GNormalizeMode« angegeben
/usr/include/glib-2.0/glib/gunicode.h:364: Fehler: expected declaration specifiers before »gchar«
/usr/include/glib-2.0/glib/gunicode.h:368: Fehler: expected »;«, »,« or »)« before »*« token
/usr/include/glib-2.0/glib/gunicode.h:370: Fehler: expected declaration specifiers before »gchar«
/usr/include/glib-2.0/glib/gunicode.h:372: Fehler: expected declaration specifiers before »gchar«
/usr/include/glib-2.0/glib/gunicode.h:375: Fehler: expected »)« before »ch«
/usr/include/glib-2.0/glib/gunicode.h:378: Fehler: expected declaration specifiers before »GUnicodeScript«
/usr/include/glib-2.0/glib/gunicode.h:383: Fehler: expected declaration specifiers before »gchar«
/usr/include/glib-2.0/glib/gunicode.h:386: Fehler: expected declaration specifiers before »G_END_DECLS«
In file included from /usr/include/glib-2.0/glib/giochannel.h:32,
                 from /usr/include/glib-2.0/glib.h:47,
                 from /home/jb/devel/cc/jamm/test/upnp/pupnp/main.c:32:
/usr/include/glib-2.0/glib/gstring.h:37: Fehler: Speicherklasse für Parameter »GStringChunk« angegeben
/usr/include/glib-2.0/glib/gstring.h:41: Fehler: expected specifier-qualifier-list before »gchar«
/usr/include/glib-2.0/glib/gstring.h:44: Warnung: Leere Deklaration
/usr/include/glib-2.0/glib/gstring.h:48: Fehler: expected declaration specifiers before »GStringChunk«
/usr/include/glib-2.0/glib/gstring.h:49: Fehler: expected »)« before »*« token
/usr/include/glib-2.0/glib/gstring.h:50: Fehler: expected »)« before »*« token
/usr/include/glib-2.0/glib/gstring.h:51: Fehler: expected declaration specifiers before »gchar«
/usr/include/glib-2.0/glib/gstring.h:53: Fehler: expected declaration specifiers before »gchar«
/usr/include/glib-2.0/glib/gstring.h:56: Fehler: expected declaration specifiers before »gchar«
/usr/include/glib-2.0/glib/gstring.h:62: Fehler: expected declaration specifiers before »GString«
/usr/include/glib-2.0/glib/gstring.h:63: Fehler: expected declaration specifiers before »GString«
/usr/include/glib-2.0/glib/gstring.h:65: Fehler: expected declaration specifiers before »GString«
/usr/include/glib-2.0/glib/gstring.h:66: Fehler: expected declaration specifiers before »gchar«
/usr/include/glib-2.0/glib/gstring.h:68: Fehler: expected »;«, »,« or »)« before »*« token
/usr/include/glib-2.0/glib/gstring.h:70: Fehler: expected »;«, »,« or »)« before »*« token
/usr/include/glib-2.0/glib/gstring.h:71: Fehler: expected declaration specifiers before »GString«
/usr/include/glib-2.0/glib/gstring.h:73: Fehler: expected declaration specifiers before »GString«
/usr/include/glib-2.0/glib/gstring.h:75: Fehler: expected declaration specifiers before »GString«
/usr/include/glib-2.0/glib/gstring.h:77: Fehler: expected declaration specifiers before »GString«
/usr/include/glib-2.0/glib/gstring.h:81: Fehler: expected declaration specifiers before »GString«
/usr/include/glib-2.0/glib/gstring.h:83: Fehler: expected declaration specifiers before »GString«
/usr/include/glib-2.0/glib/gstring.h:86: Fehler: expected declaration specifiers before »GString«
/usr/include/glib-2.0/glib/gstring.h:88: Fehler: expected declaration specifiers before »GString«
/usr/include/glib-2.0/glib/gstring.h:90: Fehler: expected declaration specifiers before »GString«
/usr/include/glib-2.0/glib/gstring.h:92: Fehler: expected declaration specifiers before »GString«
/usr/include/glib-2.0/glib/gstring.h:94: Fehler: expected declaration specifiers before »GString«
/usr/include/glib-2.0/glib/gstring.h:96: Fehler: expected declaration specifiers before »GString«
/usr/include/glib-2.0/glib/gstring.h:99: Fehler: expected declaration specifiers before »GString«
/usr/include/glib-2.0/glib/gstring.h:102: Fehler: expected declaration specifiers before »GString«
/usr/include/glib-2.0/glib/gstring.h:105: Fehler: expected declaration specifiers before »GString«
/usr/include/glib-2.0/glib/gstring.h:108: Fehler: expected declaration specifiers before »GString«
/usr/include/glib-2.0/glib/gstring.h:111: Fehler: expected declaration specifiers before »GString«
/usr/include/glib-2.0/glib/gstring.h:115: Fehler: expected declaration specifiers before »GString«
/usr/include/glib-2.0/glib/gstring.h:118: Fehler: expected declaration specifiers before »GString«
/usr/include/glib-2.0/glib/gstring.h:119: Fehler: expected declaration specifiers before »GString«
/usr/include/glib-2.0/glib/gstring.h:120: Fehler: expected »)« before »*« token
/usr/include/glib-2.0/glib/gstring.h:123: Fehler: expected »)« before »*« token
/usr/include/glib-2.0/glib/gstring.h:126: Fehler: expected »)« before »*« token
/usr/include/glib-2.0/glib/gstring.h:129: Fehler: expected »)« before »*« token
/usr/include/glib-2.0/glib/gstring.h:159: Fehler: expected declaration specifiers before »GString«
/usr/include/glib-2.0/glib/gstring.h:160: Fehler: expected declaration specifiers before »GString«
/usr/include/glib-2.0/glib/gstring.h:168: Fehler: expected declaration specifiers before »G_END_DECLS«
In file included from /usr/include/glib-2.0/glib.h:47,
                 from /home/jb/devel/cc/jamm/test/upnp/pupnp/main.c:32:
/usr/include/glib-2.0/glib/giochannel.h:40: Fehler: Speicherklasse für Parameter »GIOFuncs« angegeben
/usr/include/glib-2.0/glib/giochannel.h:48: Fehler: Speicherklasse für Parameter »GIOError« angegeben
/usr/include/glib-2.0/glib/giochannel.h:65: Fehler: Speicherklasse für Parameter »GIOChannelError« angegeben
/usr/include/glib-2.0/glib/giochannel.h:73: Fehler: Speicherklasse für Parameter »GIOStatus« angegeben
/usr/include/glib-2.0/glib/giochannel.h:80: Fehler: Speicherklasse für Parameter »GSeekType« angegeben
/usr/include/glib-2.0/glib/giochannel.h:84: Fehler: expected »,« or »}« before »GLIB_SYSDEF_POLLIN«
/usr/include/glib-2.0/glib/giochannel.h:90: Fehler: Speicherklasse für Parameter »GIOCondition« angegeben
/usr/include/glib-2.0/glib/giochannel.h:102: Fehler: Speicherklasse für Parameter »GIOFlags« angegeben
/usr/include/glib-2.0/glib/giochannel.h:108: Fehler: expected specifier-qualifier-list before »GIOFuncs«
/usr/include/glib-2.0/glib/giochannel.h:133: Warnung: Leere Deklaration
/usr/include/glib-2.0/glib/giochannel.h:135: Fehler: expected »)« before »*« token
/usr/include/glib-2.0/glib/giochannel.h:140: Fehler: expected specifier-qualifier-list before »GIOStatus«
/usr/include/glib-2.0/glib/giochannel.h:163: Warnung: Leere Deklaration
/usr/include/glib-2.0/glib/giochannel.h:165: Fehler: expected »)« before »*« token
/usr/include/glib-2.0/glib/giochannel.h:166: Fehler: expected declaration specifiers before »GIOChannel«
/usr/include/glib-2.0/glib/giochannel.h:167: Fehler: expected »)« before »*« token
/usr/include/glib-2.0/glib/giochannel.h:170: Fehler: expected declaration specifiers before »GIOError«
/usr/include/glib-2.0/glib/giochannel.h:174: Fehler: expected declaration specifiers before »GIOError«
/usr/include/glib-2.0/glib/giochannel.h:178: Fehler: expected declaration specifiers before »GIOError«
/usr/include/glib-2.0/glib/giochannel.h:181: Fehler: expected »)« before »*« token
/usr/include/glib-2.0/glib/giochannel.h:184: Fehler: expected declaration specifiers before »GIOStatus«
/usr/include/glib-2.0/glib/giochannel.h:187: Fehler: expected »)« before »*« token
/usr/include/glib-2.0/glib/giochannel.h:193: Fehler: expected declaration specifiers before »GSource«
/usr/include/glib-2.0/glib/giochannel.h:195: Fehler: expected »)« before »*« token
/usr/include/glib-2.0/glib/giochannel.h:203: Fehler: expected »)« before »*« token
/usr/include/glib-2.0/glib/giochannel.h:205: Fehler: expected declaration specifiers before »gsize«
/usr/include/glib-2.0/glib/giochannel.h:206: Fehler: expected declaration specifiers before »GIOCondition«
/usr/include/glib-2.0/glib/giochannel.h:207: Fehler: expected declaration specifiers before »GIOStatus«
/usr/include/glib-2.0/glib/giochannel.h:210: Fehler: expected declaration specifiers before »GIOFlags«
/usr/include/glib-2.0/glib/giochannel.h:211: Fehler: expected »)« before »*« token
/usr/include/glib-2.0/glib/giochannel.h:214: Fehler: expected declaration specifiers before »G_CONST_RETURN«
/usr/include/glib-2.0/glib/giochannel.h:216: Fehler: expected »)« before »*« token
/usr/include/glib-2.0/glib/giochannel.h:218: Fehler: expected »)« before »*« token
/usr/include/glib-2.0/glib/giochannel.h:219: Fehler: expected declaration specifiers before »GIOStatus«
/usr/include/glib-2.0/glib/giochannel.h:222: Fehler: expected declaration specifiers before »G_CONST_RETURN«
/usr/include/glib-2.0/glib/giochannel.h:223: Fehler: expected »)« before »*« token
/usr/include/glib-2.0/glib/giochannel.h:225: Fehler: expected »)« before »*« token
/usr/include/glib-2.0/glib/giochannel.h:228: Fehler: expected declaration specifiers before »GIOStatus«
/usr/include/glib-2.0/glib/giochannel.h:230: Fehler: expected declaration specifiers before »GIOStatus«
/usr/include/glib-2.0/glib/giochannel.h:235: Fehler: expected declaration specifiers before »GIOStatus«
/usr/include/glib-2.0/glib/giochannel.h:239: Fehler: expected declaration specifiers before »GIOStatus«
/usr/include/glib-2.0/glib/giochannel.h:243: Fehler: expected declaration specifiers before »GIOStatus«
/usr/include/glib-2.0/glib/giochannel.h:248: Fehler: expected declaration specifiers before »GIOStatus«
/usr/include/glib-2.0/glib/giochannel.h:251: Fehler: expected declaration specifiers before »GIOStatus«
/usr/include/glib-2.0/glib/giochannel.h:256: Fehler: expected declaration specifiers before »GIOStatus«
/usr/include/glib-2.0/glib/giochannel.h:259: Fehler: expected declaration specifiers before »GIOStatus«
/usr/include/glib-2.0/glib/giochannel.h:267: Fehler: expected declaration specifiers before »GIOChannel«
/usr/include/glib-2.0/glib/giochannel.h:273: Fehler: expected declaration specifiers before »GQuark«
/usr/include/glib-2.0/glib/giochannel.h:274: Fehler: expected declaration specifiers before »GIOChannelError«
/usr/include/glib-2.0/glib/giochannel.h:294: Fehler: expected declaration specifiers before »GIOChannel«
/usr/include/glib-2.0/glib/giochannel.h:295: Fehler: expected »)« before »*« token
/usr/include/glib-2.0/glib/giochannel.h:299: Fehler: expected »=«, »,«, »;«, »asm« or »__attribute__« before »g_io_watch_funcs«
/usr/include/glib-2.0/glib/giochannel.h:352: Fehler: expected declaration specifiers before »G_END_DECLS«
In file included from /usr/include/glib-2.0/glib.h:48,
                 from /home/jb/devel/cc/jamm/test/upnp/pupnp/main.c:32:
/usr/include/glib-2.0/glib/gkeyfile.h:38: Fehler: expected declaration specifiers before »GKeyFileError«
/usr/include/glib-2.0/glib/gkeyfile.h:42: Fehler: expected declaration specifiers before »GQuark«
/usr/include/glib-2.0/glib/gkeyfile.h:44: Fehler: Speicherklasse für Parameter »GKeyFile« angegeben
/usr/include/glib-2.0/glib/gkeyfile.h:51: Fehler: Speicherklasse für Parameter »GKeyFileFlags« angegeben
/usr/include/glib-2.0/glib/gkeyfile.h:53: Fehler: expected declaration specifiers before »GKeyFile«
/usr/include/glib-2.0/glib/gkeyfile.h:54: Fehler: expected »)« before »*« token
/usr/include/glib-2.0/glib/gkeyfile.h:55: Fehler: expected »)« before »*« token
/usr/include/glib-2.0/glib/gkeyfile.h:57: Fehler: expected »)« before »*« token
/usr/include/glib-2.0/glib/gkeyfile.h:61: Fehler: expected »)« before »*« token
/usr/include/glib-2.0/glib/gkeyfile.h:66: Fehler: expected »)« before »*« token
/usr/include/glib-2.0/glib/gkeyfile.h:72: Fehler: expected »)« before »*« token
/usr/include/glib-2.0/glib/gkeyfile.h:77: Fehler: expected declaration specifiers before »gchar«
/usr/include/glib-2.0/glib/gkeyfile.h:80: Fehler: expected declaration specifiers before »gchar«
/usr/include/glib-2.0/glib/gkeyfile.h:81: Fehler: expected declaration specifiers before »gchar«
/usr/include/glib-2.0/glib/gkeyfile.h:83: Fehler: expected declaration specifiers before »gchar«
/usr/include/glib-2.0/glib/gkeyfile.h:87: Fehler: expected »)« before »*« token
/usr/include/glib-2.0/glib/gkeyfile.h:89: Fehler: expected »)« before »*« token
/usr/include/glib-2.0/glib/gkeyfile.h:93: Fehler: expected declaration specifiers before »gchar«
/usr/include/glib-2.0/glib/gkeyfile.h:97: Fehler: expected »)« before »*« token
/usr/include/glib-2.0/glib/gkeyfile.h:101: Fehler: expected declaration specifiers before »gchar«
/usr/include/glib-2.0/glib/gkeyfile.h:105: Fehler: expected »)« before »*« token
/usr/include/glib-2.0/glib/gkeyfile.h:109: Fehler: expected declaration specifiers before »gchar«
/usr/include/glib-2.0/glib/gkeyfile.h:114: Fehler: expected »)« before »*« token
/usr/include/glib-2.0/glib/gkeyfile.h:119: Fehler: expected »)« before »*« token
/usr/include/glib-2.0/glib/gkeyfile.h:123: Fehler: expected »)« before »*« token
/usr/include/glib-2.0/glib/gkeyfile.h:127: Fehler: expected »)« before »*« token
/usr/include/glib-2.0/glib/gkeyfile.h:131: Fehler: expected »)« before »*« token
/usr/include/glib-2.0/glib/gkeyfile.h:135: Fehler: expected »)« before »*« token
/usr/include/glib-2.0/glib/gkeyfile.h:139: Fehler: expected »)« before »*« token
/usr/include/glib-2.0/glib/gkeyfile.h:143: Fehler: expected declaration specifiers before »gchar«
/usr/include/glib-2.0/glib/gkeyfile.h:148: Fehler: expected »)« before »*« token
/usr/include/glib-2.0/glib/gkeyfile.h:153: Fehler: expected declaration specifiers before »gchar«
/usr/include/glib-2.0/glib/gkeyfile.h:159: Fehler: expected »)« before »*« token
/usr/include/glib-2.0/glib/gkeyfile.h:165: Fehler: expected »)« before »*« token
/usr/include/glib-2.0/glib/gkeyfile.h:170: Fehler: expected »)« before »*« token
/usr/include/glib-2.0/glib/gkeyfile.h:175: Fehler: expected »)« before »*« token
/usr/include/glib-2.0/glib/gkeyfile.h:180: Fehler: expected »)« before »*« token
/usr/include/glib-2.0/glib/gkeyfile.h:185: Fehler: expected »)« before »*« token
/usr/include/glib-2.0/glib/gkeyfile.h:190: Fehler: expected »)« before »*« token
/usr/include/glib-2.0/glib/gkeyfile.h:195: Fehler: expected »)« before »*« token
/usr/include/glib-2.0/glib/gkeyfile.h:200: Fehler: expected declaration specifiers before »gchar«
/usr/include/glib-2.0/glib/gkeyfile.h:205: Fehler: expected »)« before »*« token
/usr/include/glib-2.0/glib/gkeyfile.h:209: Fehler: expected »)« before »*« token
/usr/include/glib-2.0/glib/gkeyfile.h:213: Fehler: expected »)« before »*« token
/usr/include/glib-2.0/glib/gkeyfile.h:244: Fehler: expected declaration specifiers before »G_END_DECLS«
In file included from /usr/include/glib-2.0/glib.h:52,
                 from /home/jb/devel/cc/jamm/test/upnp/pupnp/main.c:32:
/usr/include/glib-2.0/glib/gmappedfile.h:28: Fehler: Speicherklasse für Parameter »GMappedFile« angegeben
/usr/include/glib-2.0/glib/gmappedfile.h:30: Fehler: expected declaration specifiers before »GMappedFile«
/usr/include/glib-2.0/glib/gmappedfile.h:33: Fehler: expected declaration specifiers before »gsize«
/usr/include/glib-2.0/glib/gmappedfile.h:34: Fehler: expected declaration specifiers before »gchar«
/usr/include/glib-2.0/glib/gmappedfile.h:35: Fehler: expected »)« before »*« token
In file included from /usr/include/glib-2.0/glib.h:53,
                 from /home/jb/devel/cc/jamm/test/upnp/pupnp/main.c:32:
/usr/include/glib-2.0/glib/gmarkup.h:41: Fehler: Speicherklasse für Parameter »GMarkupError« angegeben
/usr/include/glib-2.0/glib/gmarkup.h:45: Fehler: expected declaration specifiers before »GQuark«
/usr/include/glib-2.0/glib/gmarkup.h:51: Fehler: Speicherklasse für Parameter »GMarkupParseFlags« angegeben
/usr/include/glib-2.0/glib/gmarkup.h:53: Fehler: Speicherklasse für Parameter »GMarkupParseContext« angegeben
/usr/include/glib-2.0/glib/gmarkup.h:54: Fehler: Speicherklasse für Parameter »GMarkupParser« angegeben
/usr/include/glib-2.0/glib/gmarkup.h:59: Fehler: expected »)« before »*« token
/usr/include/glib-2.0/glib/gmarkup.h:67: Fehler: expected »;« before »void«
/usr/include/glib-2.0/glib/gmarkup.h:97: Warnung: Leere Deklaration
/usr/include/glib-2.0/glib/gmarkup.h:99: Fehler: expected declaration specifiers before »GMarkupParseContext«
/usr/include/glib-2.0/glib/gmarkup.h:103: Fehler: expected »)« before »*« token
/usr/include/glib-2.0/glib/gmarkup.h:104: Fehler: expected »)« before »*« token
/usr/include/glib-2.0/glib/gmarkup.h:109: Fehler: expected »)« before »*« token
/usr/include/glib-2.0/glib/gmarkup.h:111: Fehler: expected »=«, »,«, »;«, »asm« or »__attribute__« before »*« token
/usr/include/glib-2.0/glib/gmarkup.h:114: Fehler: expected »)« before »*« token
/usr/include/glib-2.0/glib/gmarkup.h:119: Fehler: expected declaration specifiers before »gchar«
/usr/include/glib-2.0/glib/gmarkup.h:122: Fehler: expected declaration specifiers before »gchar«
/usr/include/glib-2.0/glib/gmarkup.h:124: Fehler: expected declaration specifiers before »gchar«
In file included from /usr/include/glib-2.0/glib.h:55,
                 from /home/jb/devel/cc/jamm/test/upnp/pupnp/main.c:32:
/usr/include/glib-2.0/glib/gmessages.h:44: Fehler: expected declaration specifiers before »gsize«
/usr/include/glib-2.0/glib/gmessages.h:69: Fehler: Speicherklasse für Parameter »GLogLevelFlags« angegeben
/usr/include/glib-2.0/glib/gmessages.h:74: Fehler: expected »;«, »,« or »)« before »*« token
/usr/include/glib-2.0/glib/gmessages.h:81: Fehler: expected »;«, »,« or »)« before »*« token
/usr/include/glib-2.0/glib/gmessages.h:85: Fehler: expected »;«, »,« or »)« before »*« token
/usr/include/glib-2.0/glib/gmessages.h:87: Fehler: expected »;«, »,« or »)« before »*« token
/usr/include/glib-2.0/glib/gmessages.h:91: Fehler: expected declaration specifiers before »GLogFunc«
/usr/include/glib-2.0/glib/gmessages.h:93: Fehler: expected »;«, »,« or »)« before »*« token
/usr/include/glib-2.0/glib/gmessages.h:97: Fehler: expected »;«, »,« or »)« before »*« token
/usr/include/glib-2.0/glib/gmessages.h:101: Fehler: expected declaration specifiers before »GLogLevelFlags«
/usr/include/glib-2.0/glib/gmessages.h:103: Fehler: expected declaration specifiers before »GLogLevelFlags«
/usr/include/glib-2.0/glib/gmessages.h:106: Fehler: expected declaration specifiers before »G_GNUC_INTERNAL«
/usr/include/glib-2.0/glib/gmessages.h:159: Fehler: expected »;«, »,« or »)« before »*« token
/usr/include/glib-2.0/glib/gmessages.h:168: Fehler: expected »;«, »,« or »)« before »*« token
/usr/include/glib-2.0/glib/gmessages.h:177: Fehler: expected »;«, »,« or »)« before »*« token
/usr/include/glib-2.0/glib/gmessages.h:186: Fehler: expected »;«, »,« or »)« before »*« token
/usr/include/glib-2.0/glib/gmessages.h:195: Fehler: expected »;«, »,« or »)« before »*« token
/usr/include/glib-2.0/glib/gmessages.h:205: Fehler: expected »;«, »,« or »)« before »*« token
/usr/include/glib-2.0/glib/gmessages.h:206: Fehler: expected »;«, »,« or »)« before »*« token
/usr/include/glib-2.0/glib/gmessages.h:208: Fehler: expected declaration specifiers before »GPrintFunc«
/usr/include/glib-2.0/glib/gmessages.h:209: Fehler: expected »;«, »,« or »)« before »*« token
/usr/include/glib-2.0/glib/gmessages.h:211: Fehler: expected declaration specifiers before »GPrintFunc«
In file included from /usr/include/glib-2.0/glib.h:56,
                 from /home/jb/devel/cc/jamm/test/upnp/pupnp/main.c:32:
/usr/include/glib-2.0/glib/gnode.h:34: Fehler: Speicherklasse für Parameter »GNode« angegeben
/usr/include/glib-2.0/glib/gnode.h:45: Fehler: Speicherklasse für Parameter »GTraverseFlags« angegeben
/usr/include/glib-2.0/glib/gnode.h:54: Fehler: Speicherklasse für Parameter »GTraverseType« angegeben
/usr/include/glib-2.0/glib/gnode.h:56: Fehler: expected »)« before »*« token
/usr/include/glib-2.0/glib/gnode.h:58: Fehler: expected »)« before »*« token
/usr/include/glib-2.0/glib/gnode.h:61: Fehler: Speicherklasse für Parameter »GCopyFunc« angegeben
/usr/include/glib-2.0/glib/gnode.h:68: Fehler: expected specifier-qualifier-list before »GNode«
/usr/include/glib-2.0/glib/gnode.h:72: Warnung: Leere Deklaration
/usr/include/glib-2.0/glib/gnode.h:79: Fehler: expected declaration specifiers before »GNode«
/usr/include/glib-2.0/glib/gnode.h:80: Fehler: expected »)« before »*« token
/usr/include/glib-2.0/glib/gnode.h:81: Fehler: expected »)« before »*« token
/usr/include/glib-2.0/glib/gnode.h:82: Fehler: expected declaration specifiers before »GNode«
/usr/include/glib-2.0/glib/gnode.h:85: Fehler: expected declaration specifiers before »GNode«
/usr/include/glib-2.0/glib/gnode.h:86: Fehler: expected declaration specifiers before »GNode«
/usr/include/glib-2.0/glib/gnode.h:89: Fehler: expected declaration specifiers before »GNode«
/usr/include/glib-2.0/glib/gnode.h:92: Fehler: expected declaration specifiers before »GNode«
/usr/include/glib-2.0/glib/gnode.h:95: Fehler: expected declaration specifiers before »GNode«
/usr/include/glib-2.0/glib/gnode.h:97: Fehler: expected »)« before »*« token
/usr/include/glib-2.0/glib/gnode.h:99: Fehler: expected declaration specifiers before »GNode«
/usr/include/glib-2.0/glib/gnode.h:100: Fehler: expected »)« before »*« token
/usr/include/glib-2.0/glib/gnode.h:102: Fehler: expected »)« before »*« token
/usr/include/glib-2.0/glib/gnode.h:103: Fehler: expected declaration specifiers before »GNode«
/usr/include/glib-2.0/glib/gnode.h:125: Fehler: expected »)« before »*« token
/usr/include/glib-2.0/glib/gnode.h:137: Fehler: expected »)« before »*« token
/usr/include/glib-2.0/glib/gnode.h:139: Fehler: expected »)« before »*« token
/usr/include/glib-2.0/glib/gnode.h:143: Fehler: expected »)« before »*« token
/usr/include/glib-2.0/glib/gnode.h:144: Fehler: expected »)« before »*« token
/usr/include/glib-2.0/glib/gnode.h:145: Fehler: expected declaration specifiers before »GNode«
/usr/include/glib-2.0/glib/gnode.h:147: Fehler: expected declaration specifiers before »GNode«
/usr/include/glib-2.0/glib/gnode.h:148: Fehler: expected declaration specifiers before »GNode«
/usr/include/glib-2.0/glib/gnode.h:151: Fehler: expected »)« before »*« token
/usr/include/glib-2.0/glib/gnode.h:153: Fehler: expected »)« before »*« token
/usr/include/glib-2.0/glib/gnode.h:156: Fehler: expected declaration specifiers before »GNode«
/usr/include/glib-2.0/glib/gnode.h:157: Fehler: expected declaration specifiers before »GNode«
In file included from /usr/include/glib-2.0/glib.h:57,
                 from /home/jb/devel/cc/jamm/test/upnp/pupnp/main.c:32:
/usr/include/glib-2.0/glib/goption.h:29: Fehler: Speicherklasse für Parameter »GOptionContext« angegeben
/usr/include/glib-2.0/glib/goption.h:30: Fehler: Speicherklasse für Parameter »GOptionGroup« angegeben
/usr/include/glib-2.0/glib/goption.h:31: Fehler: Speicherklasse für Parameter »GOptionEntry« angegeben
/usr/include/glib-2.0/glib/goption.h:42: Fehler: Speicherklasse für Parameter »GOptionFlags« angegeben
/usr/include/glib-2.0/glib/goption.h:55: Fehler: Speicherklasse für Parameter »GOptionArg« angegeben
/usr/include/glib-2.0/glib/goption.h:57: Fehler: expected »;«, »,« or »)« before »*« token
/usr/include/glib-2.0/glib/goption.h:62: Fehler: expected »)« before »*« token
/usr/include/glib-2.0/glib/goption.h:67: Fehler: expected »)« before »*« token
/usr/include/glib-2.0/glib/goption.h:79: Fehler: Speicherklasse für Parameter »GOptionError« angegeben
/usr/include/glib-2.0/glib/goption.h:81: Fehler: expected declaration specifiers before »GQuark«
/usr/include/glib-2.0/glib/goption.h:86: Fehler: expected »:«, »,«, »;«, »}« or »__attribute__« before »*« token
/usr/include/glib-2.0/glib/goption.h:95: Warnung: Leere Deklaration
/usr/include/glib-2.0/glib/goption.h:99: Fehler: expected declaration specifiers before »GOptionContext«
/usr/include/glib-2.0/glib/goption.h:100: Fehler: expected »)« before »*« token
/usr/include/glib-2.0/glib/goption.h:102: Fehler: expected »=«, »,«, »;«, »asm« or »__attribute__« before »*« token
/usr/include/glib-2.0/glib/goption.h:103: Fehler: expected »)« before »*« token
/usr/include/glib-2.0/glib/goption.h:105: Fehler: expected »=«, »,«, »;«, »asm« or »__attribute__« before »*« token
/usr/include/glib-2.0/glib/goption.h:106: Fehler: expected »)« before »*« token
/usr/include/glib-2.0/glib/goption.h:107: Fehler: expected »)« before »*« token
/usr/include/glib-2.0/glib/goption.h:109: Fehler: expected »)« before »*« token
/usr/include/glib-2.0/glib/goption.h:110: Fehler: expected »)« before »*« token
/usr/include/glib-2.0/glib/goption.h:112: Fehler: expected »)« before »*« token
/usr/include/glib-2.0/glib/goption.h:114: Fehler: expected »)« before »*« token
/usr/include/glib-2.0/glib/goption.h:117: Fehler: expected »)« before »*« token
/usr/include/glib-2.0/glib/goption.h:121: Fehler: expected »)« before »*« token
/usr/include/glib-2.0/glib/goption.h:125: Fehler: expected »)« before »*« token
/usr/include/glib-2.0/glib/goption.h:128: Fehler: expected »)« before »*« token
/usr/include/glib-2.0/glib/goption.h:130: Fehler: expected »)« before »*« token
/usr/include/glib-2.0/glib/goption.h:132: Fehler: expected declaration specifiers before »GOptionGroup«
/usr/include/glib-2.0/glib/goption.h:133: Fehler: expected declaration specifiers before »gchar«
/usr/include/glib-2.0/glib/goption.h:137: Fehler: expected declaration specifiers before »GOptionGroup«
/usr/include/glib-2.0/glib/goption.h:142: Fehler: expected »)« before »*« token
/usr/include/glib-2.0/glib/goption.h:145: Fehler: expected »)« before »*« token
/usr/include/glib-2.0/glib/goption.h:147: Fehler: expected »)« before »*« token
/usr/include/glib-2.0/glib/goption.h:148: Fehler: expected »)« before »*« token
/usr/include/glib-2.0/glib/goption.h:150: Fehler: expected »)« before »*« token
/usr/include/glib-2.0/glib/goption.h:154: Fehler: expected »)« before »*« token
In file included from /usr/include/glib-2.0/glib.h:58,
                 from /home/jb/devel/cc/jamm/test/upnp/pupnp/main.c:32:
/usr/include/glib-2.0/glib/gpattern.h:27: Fehler: Speicherklasse für Parameter »GPatternSpec« angegeben
/usr/include/glib-2.0/glib/gpattern.h:29: Fehler: expected declaration specifiers before »GPatternSpec«
/usr/include/glib-2.0/glib/gpattern.h:30: Fehler: expected »)« before »*« token
/usr/include/glib-2.0/glib/gpattern.h:31: Fehler: expected »)« before »*« token
/usr/include/glib-2.0/glib/gpattern.h:33: Fehler: expected »)« before »*« token
/usr/include/glib-2.0/glib/gpattern.h:37: Fehler: expected »)« before »*« token
/usr/include/glib-2.0/glib/gpattern.h:39: Fehler: expected »;«, »,« or »)« before »*« token
In file included from /usr/include/glib-2.0/glib.h:60,
                 from /home/jb/devel/cc/jamm/test/upnp/pupnp/main.c:32:
/usr/include/glib-2.0/glib/gqsort.h:37: Fehler: expected declaration specifiers or »...« before »gsize«
In file included from /usr/include/glib-2.0/glib.h:62,
                 from /home/jb/devel/cc/jamm/test/upnp/pupnp/main.c:32:
/usr/include/glib-2.0/glib/gqueue.h:34: Fehler: Speicherklasse für Parameter »GQueue« angegeben
/usr/include/glib-2.0/glib/gqueue.h:38: Fehler: expected specifier-qualifier-list before »GList«
/usr/include/glib-2.0/glib/gqueue.h:41: Warnung: Leere Deklaration
/usr/include/glib-2.0/glib/gqueue.h:47: Fehler: expected declaration specifiers before »GQueue«
/usr/include/glib-2.0/glib/gqueue.h:48: Fehler: expected »)« before »*« token
/usr/include/glib-2.0/glib/gqueue.h:49: Fehler: expected »)« before »*« token
/usr/include/glib-2.0/glib/gqueue.h:50: Fehler: expected »)« before »*« token
/usr/include/glib-2.0/glib/gqueue.h:51: Fehler: expected »)« before »*« token
/usr/include/glib-2.0/glib/gqueue.h:52: Fehler: expected »)« before »*« token
/usr/include/glib-2.0/glib/gqueue.h:53: Fehler: expected »)« before »*« token
/usr/include/glib-2.0/glib/gqueue.h:54: Fehler: expected declaration specifiers before »GQueue«
/usr/include/glib-2.0/glib/gqueue.h:55: Fehler: expected »)« before »*« token
/usr/include/glib-2.0/glib/gqueue.h:58: Fehler: expected declaration specifiers before »GList«
/usr/include/glib-2.0/glib/gqueue.h:60: Fehler: expected declaration specifiers before »GList«
/usr/include/glib-2.0/glib/gqueue.h:63: Fehler: expected »)« before »*« token
/usr/include/glib-2.0/glib/gqueue.h:67: Fehler: expected »)« before »*« token
/usr/include/glib-2.0/glib/gqueue.h:69: Fehler: expected »)« before »*« token
/usr/include/glib-2.0/glib/gqueue.h:71: Fehler: expected »)« before »*« token
/usr/include/glib-2.0/glib/gqueue.h:74: Fehler: expected »)« before »*« token
/usr/include/glib-2.0/glib/gqueue.h:75: Fehler: expected »)« before »*« token
/usr/include/glib-2.0/glib/gqueue.h:76: Fehler: expected »)« before »*« token
/usr/include/glib-2.0/glib/gqueue.h:78: Fehler: expected »)« before »*« token
/usr/include/glib-2.0/glib/gqueue.h:79: Fehler: expected »)« before »*« token
/usr/include/glib-2.0/glib/gqueue.h:80: Fehler: expected »)« before »*« token
/usr/include/glib-2.0/glib/gqueue.h:82: Fehler: expected »)« before »*« token
/usr/include/glib-2.0/glib/gqueue.h:84: Fehler: expected »)« before »*« token
/usr/include/glib-2.0/glib/gqueue.h:86: Fehler: expected »)« before »*« token
/usr/include/glib-2.0/glib/gqueue.h:88: Fehler: expected »)« before »*« token
/usr/include/glib-2.0/glib/gqueue.h:91: Fehler: expected »)« before »*« token
/usr/include/glib-2.0/glib/gqueue.h:94: Fehler: expected »)« before »*« token
/usr/include/glib-2.0/glib/gqueue.h:99: Fehler: expected »)« before »*« token
/usr/include/glib-2.0/glib/gqueue.h:101: Fehler: expected »)« before »*« token
/usr/include/glib-2.0/glib/gqueue.h:103: Fehler: expected »)« before »*« token
/usr/include/glib-2.0/glib/gqueue.h:106: Fehler: expected declaration specifiers before »GList«
/usr/include/glib-2.0/glib/gqueue.h:107: Fehler: expected declaration specifiers before »GList«
/usr/include/glib-2.0/glib/gqueue.h:108: Fehler: expected declaration specifiers before »GList«
/usr/include/glib-2.0/glib/gqueue.h:110: Fehler: expected declaration specifiers before »GList«
/usr/include/glib-2.0/glib/gqueue.h:111: Fehler: expected declaration specifiers before »GList«
/usr/include/glib-2.0/glib/gqueue.h:112: Fehler: expected declaration specifiers before »GList«
/usr/include/glib-2.0/glib/gqueue.h:114: Fehler: expected »)« before »*« token
/usr/include/glib-2.0/glib/gqueue.h:116: Fehler: expected »)« before »*« token
/usr/include/glib-2.0/glib/gqueue.h:118: Fehler: expected »)« before »*« token
In file included from /usr/include/glib-2.0/glib.h:63,
                 from /home/jb/devel/cc/jamm/test/upnp/pupnp/main.c:32:
/usr/include/glib-2.0/glib/grand.h:34: Fehler: Speicherklasse für Parameter »GRand« angegeben
/usr/include/glib-2.0/glib/grand.h:45: Fehler: expected declaration specifiers before »GRand«
/usr/include/glib-2.0/glib/grand.h:46: Fehler: expected declaration specifiers before »GRand«
/usr/include/glib-2.0/glib/grand.h:48: Fehler: expected declaration specifiers before »GRand«
/usr/include/glib-2.0/glib/grand.h:49: Fehler: expected »)« before »*« token
/usr/include/glib-2.0/glib/grand.h:50: Fehler: expected declaration specifiers before »GRand«
/usr/include/glib-2.0/glib/grand.h:51: Fehler: expected »)« before »*« token
/usr/include/glib-2.0/glib/grand.h:53: Fehler: expected »)« before »*« token
/usr/include/glib-2.0/glib/grand.h:59: Fehler: expected declaration specifiers before »guint32«
/usr/include/glib-2.0/glib/grand.h:60: Fehler: expected declaration specifiers before »gint32«
/usr/include/glib-2.0/glib/grand.h:63: Fehler: expected »)« before »*« token
/usr/include/glib-2.0/glib/grand.h:64: Fehler: expected »)« before »*« token
/usr/include/glib-2.0/glib/grand.h:67: Fehler: expected »)« before »seed«
/usr/include/glib-2.0/glib/grand.h:71: Fehler: expected declaration specifiers before »guint32«
/usr/include/glib-2.0/glib/grand.h:72: Fehler: expected declaration specifiers before »gint32«
In file included from /usr/include/glib-2.0/glib.h:64,
                 from /home/jb/devel/cc/jamm/test/upnp/pupnp/main.c:32:
/usr/include/glib-2.0/glib/grel.h:34: Fehler: Speicherklasse für Parameter »GRelation« angegeben
/usr/include/glib-2.0/glib/grel.h:35: Fehler: Speicherklasse für Parameter »GTuples« angegeben
/usr/include/glib-2.0/glib/grel.h:40: Warnung: Leere Deklaration
/usr/include/glib-2.0/glib/grel.h:65: Fehler: expected declaration specifiers before »GRelation«
/usr/include/glib-2.0/glib/grel.h:66: Fehler: expected »)« before »*« token
/usr/include/glib-2.0/glib/grel.h:67: Fehler: expected »)« before »*« token
/usr/include/glib-2.0/glib/grel.h:71: Fehler: expected »)« before »*« token
/usr/include/glib-2.0/glib/grel.h:73: Fehler: expected »)« before »*« token
/usr/include/glib-2.0/glib/grel.h:76: Fehler: expected declaration specifiers before »GTuples«
/usr/include/glib-2.0/glib/grel.h:79: Fehler: expected »)« before »*« token
/usr/include/glib-2.0/glib/grel.h:82: Fehler: expected »)« before »*« token
/usr/include/glib-2.0/glib/grel.h:84: Fehler: expected »)« before »*« token
/usr/include/glib-2.0/glib/grel.h:86: Fehler: expected »)« before »*« token
/usr/include/glib-2.0/glib/grel.h:87: Fehler: expected »)« before »*« token
In file included from /usr/include/glib-2.0/glib.h:65,
                 from /home/jb/devel/cc/jamm/test/upnp/pupnp/main.c:32:
/usr/include/glib-2.0/glib/gregex.h:36: Fehler: Speicherklasse für Parameter »GRegexError« angegeben
/usr/include/glib-2.0/glib/gregex.h:40: Fehler: expected declaration specifiers before »GQuark«
/usr/include/glib-2.0/glib/gregex.h:60: Fehler: Speicherklasse für Parameter »GRegexCompileFlags« angegeben
/usr/include/glib-2.0/glib/gregex.h:75: Fehler: Speicherklasse für Parameter »GRegexMatchFlags« angegeben
/usr/include/glib-2.0/glib/gregex.h:77: Fehler: Speicherklasse für Parameter »GRegex« angegeben
/usr/include/glib-2.0/glib/gregex.h:78: Fehler: Speicherklasse für Parameter »GMatchInfo« angegeben
/usr/include/glib-2.0/glib/gregex.h:80: Fehler: expected »;«, »,« or »)« before »*« token
/usr/include/glib-2.0/glib/gregex.h:85: Fehler: expected declaration specifiers before »GRegex«
/usr/include/glib-2.0/glib/gregex.h:89: Fehler: expected declaration specifiers before »GRegex«
/usr/include/glib-2.0/glib/gregex.h:90: Fehler: expected »)« before »*« token
/usr/include/glib-2.0/glib/gregex.h:91: Fehler: expected »=«, »,«, »;«, »asm« or »__attribute__« before »*« token
/usr/include/glib-2.0/glib/gregex.h:92: Fehler: expected »;«, »,« or »)« before »*« token
/usr/include/glib-2.0/glib/gregex.h:93: Fehler: expected »;«, »,« or »)« before »*« token
/usr/include/glib-2.0/glib/gregex.h:94: Fehler: expected »;«, »,« or »)« before »*« token
/usr/include/glib-2.0/glib/gregex.h:96: Fehler: expected declaration specifiers before »gchar«
/usr/include/glib-2.0/glib/gregex.h:100: Fehler: expected »;«, »,« or »)« before »*« token
/usr/include/glib-2.0/glib/gregex.h:104: Fehler: expected »;«, »,« or »)« before »*« token
/usr/include/glib-2.0/glib/gregex.h:108: Fehler: expected »;«, »,« or »)« before »*« token
/usr/include/glib-2.0/glib/gregex.h:115: Fehler: expected »;«, »,« or »)« before »*« token
/usr/include/glib-2.0/glib/gregex.h:119: Fehler: expected »;«, »,« or »)« before »*« token
/usr/include/glib-2.0/glib/gregex.h:128: Fehler: expected declaration specifiers before »gchar«
/usr/include/glib-2.0/glib/gregex.h:132: Fehler: expected declaration specifiers before »gchar«
/usr/include/glib-2.0/glib/gregex.h:135: Fehler: expected declaration specifiers before »gchar«
/usr/include/glib-2.0/glib/gregex.h:144: Fehler: expected declaration specifiers before »gchar«
/usr/include/glib-2.0/glib/gregex.h:151: Fehler: expected declaration specifiers before »gchar«
/usr/include/glib-2.0/glib/gregex.h:158: Fehler: expected declaration specifiers before »gchar«
/usr/include/glib-2.0/glib/gregex.h:166: Fehler: expected »;«, »,« or »)« before »*« token
/usr/include/glib-2.0/glib/gregex.h:171: Fehler: expected declaration specifiers before »GRegex«
/usr/include/glib-2.0/glib/gregex.h:172: Fehler: expected »=«, »,«, »;«, »asm« or »__attribute__« before »*« token
/usr/include/glib-2.0/glib/gregex.h:174: Fehler: expected »)« before »*« token
/usr/include/glib-2.0/glib/gregex.h:175: Fehler: expected »)« before »*« token
/usr/include/glib-2.0/glib/gregex.h:177: Fehler: expected »;«, »,« or »)« before »*« token
/usr/include/glib-2.0/glib/gregex.h:178: Fehler: expected »;«, »,« or »)« before »*« token
/usr/include/glib-2.0/glib/gregex.h:179: Fehler: expected »;«, »,« or »)« before »*« token
/usr/include/glib-2.0/glib/gregex.h:180: Fehler: expected declaration specifiers before »gchar«
/usr/include/glib-2.0/glib/gregex.h:183: Fehler: expected declaration specifiers before »gchar«
/usr/include/glib-2.0/glib/gregex.h:185: Fehler: expected »;«, »,« or »)« before »*« token
/usr/include/glib-2.0/glib/gregex.h:189: Fehler: expected declaration specifiers before »gchar«
/usr/include/glib-2.0/glib/gregex.h:191: Fehler: expected »;«, »,« or »)« before »*« token
/usr/include/glib-2.0/glib/gregex.h:195: Fehler: expected declaration specifiers before »gchar«
In file included from /usr/include/glib-2.0/glib.h:66,
                 from /home/jb/devel/cc/jamm/test/upnp/pupnp/main.c:32:
/usr/include/glib-2.0/glib/gscanner.h:35: Fehler: Speicherklasse für Parameter »GScanner« angegeben
/usr/include/glib-2.0/glib/gscanner.h:36: Fehler: Speicherklasse für Parameter »GScannerConfig« angegeben
/usr/include/glib-2.0/glib/gscanner.h:37: Fehler: Speicherklasse für Parameter »GTokenValue« angegeben
/usr/include/glib-2.0/glib/gscanner.h:39: Fehler: expected »)« before »*« token
/usr/include/glib-2.0/glib/gscanner.h:70: Fehler: Speicherklasse für Parameter »GErrorType« angegeben
/usr/include/glib-2.0/glib/gscanner.h:105: Fehler: Speicherklasse für Parameter »GTokenType« angegeben
/usr/include/glib-2.0/glib/gscanner.h:110: Fehler: expected specifier-qualifier-list before »gchar«
/usr/include/glib-2.0/glib/gscanner.h:121: Warnung: Leere Deklaration
/usr/include/glib-2.0/glib/gscanner.h:127: Fehler: expected specifier-qualifier-list before »gchar«
/usr/include/glib-2.0/glib/gscanner.h:161: Warnung: Leere Deklaration
/usr/include/glib-2.0/glib/gscanner.h:173: Fehler: expected »:«, »,«, »;«, »}« or »__attribute__« before »*« token
/usr/include/glib-2.0/glib/gscanner.h:203: Warnung: Leere Deklaration
/usr/include/glib-2.0/glib/gscanner.h:205: Fehler: expected declaration specifiers before »GScanner«
/usr/include/glib-2.0/glib/gscanner.h:206: Fehler: expected »)« before »*« token
/usr/include/glib-2.0/glib/gscanner.h:207: Fehler: expected »)« before »*« token
/usr/include/glib-2.0/glib/gscanner.h:209: Fehler: expected »)« before »*« token
/usr/include/glib-2.0/glib/gscanner.h:210: Fehler: expected »)« before »*« token
/usr/include/glib-2.0/glib/gscanner.h:213: Fehler: expected declaration specifiers before »GTokenType«
/usr/include/glib-2.0/glib/gscanner.h:214: Fehler: expected declaration specifiers before »GTokenType«
/usr/include/glib-2.0/glib/gscanner.h:215: Fehler: expected declaration specifiers before »GTokenType«
/usr/include/glib-2.0/glib/gscanner.h:216: Fehler: expected declaration specifiers before »GTokenValue«
/usr/include/glib-2.0/glib/gscanner.h:217: Fehler: expected »)« before »*« token
/usr/include/glib-2.0/glib/gscanner.h:218: Fehler: expected »)« before »*« token
/usr/include/glib-2.0/glib/gscanner.h:219: Fehler: expected »)« before »*« token
/usr/include/glib-2.0/glib/gscanner.h:220: Fehler: expected »)« before »*« token
/usr/include/glib-2.0/glib/gscanner.h:222: Fehler: expected »)« before »*« token
/usr/include/glib-2.0/glib/gscanner.h:226: Fehler: expected »)« before »*« token
/usr/include/glib-2.0/glib/gscanner.h:229: Fehler: expected »)« before »*« token
/usr/include/glib-2.0/glib/gscanner.h:232: Fehler: expected »)« before »*« token
/usr/include/glib-2.0/glib/gscanner.h:236: Fehler: expected »)« before »*« token
/usr/include/glib-2.0/glib/gscanner.h:238: Fehler: expected »)« before »*« token
/usr/include/glib-2.0/glib/gscanner.h:245: Fehler: expected »)« before »*« token
/usr/include/glib-2.0/glib/gscanner.h:248: Fehler: expected »)« before »*« token
In file included from /usr/include/glib-2.0/glib.h:67,
                 from /home/jb/devel/cc/jamm/test/upnp/pupnp/main.c:32:
/usr/include/glib-2.0/glib/gsequence.h:26: Fehler: Speicherklasse für Parameter »GSequence« angegeben
/usr/include/glib-2.0/glib/gsequence.h:27: Fehler: Speicherklasse für Parameter »GSequenceIter« angegeben
/usr/include/glib-2.0/glib/gsequence.h:29: Fehler: expected »)« before »*« token
/usr/include/glib-2.0/glib/gsequence.h:35: Fehler: expected declaration specifiers before »GSequence«
/usr/include/glib-2.0/glib/gsequence.h:36: Fehler: expected »)« before »*« token
/usr/include/glib-2.0/glib/gsequence.h:37: Fehler: expected »)« before »*« token
/usr/include/glib-2.0/glib/gsequence.h:38: Fehler: expected »)« before »*« token
/usr/include/glib-2.0/glib/gsequence.h:41: Fehler: expected »)« before »*« token
/usr/include/glib-2.0/glib/gsequence.h:45: Fehler: expected »)« before »*« token
/usr/include/glib-2.0/glib/gsequence.h:48: Fehler: expected »)« before »*« token
/usr/include/glib-2.0/glib/gsequence.h:54: Fehler: expected declaration specifiers before »GSequenceIter«
/usr/include/glib-2.0/glib/gsequence.h:55: Fehler: expected declaration specifiers before »GSequenceIter«
/usr/include/glib-2.0/glib/gsequence.h:56: Fehler: expected declaration specifiers before »GSequenceIter«
/usr/include/glib-2.0/glib/gsequence.h:58: Fehler: expected declaration specifiers before »GSequenceIter«
/usr/include/glib-2.0/glib/gsequence.h:60: Fehler: expected declaration specifiers before »GSequenceIter«
/usr/include/glib-2.0/glib/gsequence.h:62: Fehler: expected declaration specifiers before »GSequenceIter«
/usr/include/glib-2.0/glib/gsequence.h:64: Fehler: expected »)« before »*« token
/usr/include/glib-2.0/glib/gsequence.h:66: Fehler: expected »)« before »*« token
/usr/include/glib-2.0/glib/gsequence.h:68: Fehler: expected declaration specifiers before »GSequenceIter«
/usr/include/glib-2.0/glib/gsequence.h:72: Fehler: expected declaration specifiers before »GSequenceIter«
/usr/include/glib-2.0/glib/gsequence.h:76: Fehler: expected »)« before »*« token
/usr/include/glib-2.0/glib/gsequence.h:79: Fehler: expected »)« before »*« token
/usr/include/glib-2.0/glib/gsequence.h:82: Fehler: expected »)« before »*« token
/usr/include/glib-2.0/glib/gsequence.h:83: Fehler: expected »)« before »*« token
/usr/include/glib-2.0/glib/gsequence.h:85: Fehler: expected »)« before »*« token
/usr/include/glib-2.0/glib/gsequence.h:88: Fehler: expected declaration specifiers before »GSequenceIter«
/usr/include/glib-2.0/glib/gsequence.h:92: Fehler: expected declaration specifiers before »GSequenceIter«
/usr/include/glib-2.0/glib/gsequence.h:99: Fehler: expected »)« before »*« token
/usr/include/glib-2.0/glib/gsequence.h:100: Fehler: expected »)« before »*« token
/usr/include/glib-2.0/glib/gsequence.h:104: Fehler: expected »)« before »*« token
/usr/include/glib-2.0/glib/gsequence.h:105: Fehler: expected »)« before »*« token
/usr/include/glib-2.0/glib/gsequence.h:106: Fehler: expected declaration specifiers before »GSequenceIter«
/usr/include/glib-2.0/glib/gsequence.h:107: Fehler: expected declaration specifiers before »GSequenceIter«
/usr/include/glib-2.0/glib/gsequence.h:108: Fehler: expected »)« before »*« token
/usr/include/glib-2.0/glib/gsequence.h:109: Fehler: expected declaration specifiers before »GSequenceIter«
/usr/include/glib-2.0/glib/gsequence.h:111: Fehler: expected declaration specifiers before »GSequence«
/usr/include/glib-2.0/glib/gsequence.h:115: Fehler: expected »)« before »*« token
/usr/include/glib-2.0/glib/gsequence.h:117: Fehler: expected declaration specifiers before »GSequenceIter«
In file included from /usr/include/glib-2.0/glib.h:68,
                 from /home/jb/devel/cc/jamm/test/upnp/pupnp/main.c:32:
/usr/include/glib-2.0/glib/gshell.h:37: Fehler: Speicherklasse für Parameter »GShellError« angegeben
/usr/include/glib-2.0/glib/gshell.h:39: Fehler: expected declaration specifiers before »GQuark«
/usr/include/glib-2.0/glib/gshell.h:41: Fehler: expected declaration specifiers before »gchar«
/usr/include/glib-2.0/glib/gshell.h:42: Fehler: expected declaration specifiers before »gchar«
/usr/include/glib-2.0/glib/gshell.h:44: Fehler: expected »;«, »,« or »)« before »*« token
In file included from /usr/include/glib-2.0/glib.h:70,
                 from /home/jb/devel/cc/jamm/test/upnp/pupnp/main.c:32:
/usr/include/glib-2.0/glib/gspawn.h:55: Fehler: Speicherklasse für Parameter »GSpawnError« angegeben
/usr/include/glib-2.0/glib/gspawn.h:57: Fehler: Speicherklasse für Parameter »GSpawnChildSetupFunc« angegeben
/usr/include/glib-2.0/glib/gspawn.h:70: Fehler: Speicherklasse für Parameter »GSpawnFlags« angegeben
/usr/include/glib-2.0/glib/gspawn.h:72: Fehler: expected declaration specifiers before »GQuark«
/usr/include/glib-2.0/glib/gspawn.h:82: Fehler: expected »;«, »,« or »)« before »*« token
/usr/include/glib-2.0/glib/gspawn.h:95: Fehler: expected »;«, »,« or »)« before »*« token
/usr/include/glib-2.0/glib/gspawn.h:112: Fehler: expected »;«, »,« or »)« before »*« token
/usr/include/glib-2.0/glib/gspawn.h:123: Fehler: expected »;«, »,« or »)« before »*« token
/usr/include/glib-2.0/glib/gspawn.h:128: Fehler: expected »;«, »,« or »)« before »*« token
/usr/include/glib-2.0/glib/gspawn.h:131: Fehler: expected »)« before »pid«
In file included from /usr/include/glib-2.0/glib.h:71,
                 from /home/jb/devel/cc/jamm/test/upnp/pupnp/main.c:32:
/usr/include/glib-2.0/glib/gstrfuncs.h:48: Fehler: Speicherklasse für Parameter »GAsciiType« angegeben
/usr/include/glib-2.0/glib/gstrfuncs.h:50: Fehler: expected »=«, »,«, »;«, »asm« or »__attribute__« before »*« token
/usr/include/glib-2.0/glib/gstrfuncs.h:85: Fehler: expected declaration specifiers before »gchar«
/usr/include/glib-2.0/glib/gstrfuncs.h:86: Fehler: expected declaration specifiers before »gchar«
/usr/include/glib-2.0/glib/gstrfuncs.h:88: Fehler: expected »)« before »c«
/usr/include/glib-2.0/glib/gstrfuncs.h:89: Fehler: expected »)« before »c«
/usr/include/glib-2.0/glib/gstrfuncs.h:95: Fehler: expected declaration specifiers before »gchar«
/usr/include/glib-2.0/glib/gstrfuncs.h:98: Fehler: expected declaration specifiers before »gchar«
/usr/include/glib-2.0/glib/gstrfuncs.h:101: Fehler: expected »=«, »,«, »;«, »asm« or »__attribute__« before »*« token
/usr/include/glib-2.0/glib/gstrfuncs.h:102: Fehler: expected »=«, »,«, »;«, »asm« or »__attribute__« before »*« token
/usr/include/glib-2.0/glib/gstrfuncs.h:103: Fehler: expected declaration specifiers before »gchar«
/usr/include/glib-2.0/glib/gstrfuncs.h:104: Fehler: expected declaration specifiers before »gsize«
/usr/include/glib-2.0/glib/gstrfuncs.h:107: Fehler: expected declaration specifiers before »gsize«
/usr/include/glib-2.0/glib/gstrfuncs.h:110: Fehler: expected declaration specifiers before »gchar«
/usr/include/glib-2.0/glib/gstrfuncs.h:113: Fehler: expected declaration specifiers before »gchar«
/usr/include/glib-2.0/glib/gstrfuncs.h:115: Fehler: expected declaration specifiers before »gchar«
/usr/include/glib-2.0/glib/gstrfuncs.h:119: Fehler: expected »;«, »,« or »)« before »*« token
/usr/include/glib-2.0/glib/gstrfuncs.h:121: Fehler: expected »;«, »,« or »)« before »*« token
/usr/include/glib-2.0/glib/gstrfuncs.h:126: Fehler: expected »;«, »,« or »)« before »*« token
/usr/include/glib-2.0/glib/gstrfuncs.h:128: Fehler: expected »;«, »,« or »)« before »*« token
/usr/include/glib-2.0/glib/gstrfuncs.h:130: Fehler: expected declaration specifiers before »guint64«
/usr/include/glib-2.0/glib/gstrfuncs.h:133: Fehler: expected declaration specifiers before »gint64«
/usr/include/glib-2.0/glib/gstrfuncs.h:140: Fehler: expected declaration specifiers before »gchar«
/usr/include/glib-2.0/glib/gstrfuncs.h:143: Fehler: expected declaration specifiers before »gchar«
/usr/include/glib-2.0/glib/gstrfuncs.h:149: Fehler: expected declaration specifiers before »gchar«
/usr/include/glib-2.0/glib/gstrfuncs.h:151: Fehler: expected declaration specifiers before »gchar«
/usr/include/glib-2.0/glib/gstrfuncs.h:155: Fehler: expected »;«, »,« or »)« before »*« token
/usr/include/glib-2.0/glib/gstrfuncs.h:157: Fehler: expected »;«, »,« or »)« before »*« token
/usr/include/glib-2.0/glib/gstrfuncs.h:160: Fehler: expected declaration specifiers before »gchar«
/usr/include/glib-2.0/glib/gstrfuncs.h:162: Fehler: expected declaration specifiers before »gchar«
/usr/include/glib-2.0/glib/gstrfuncs.h:172: Fehler: expected »;«, »,« or »)« before »*« token
/usr/include/glib-2.0/glib/gstrfuncs.h:174: Fehler: expected »;«, »,« or »)« before »*« token
/usr/include/glib-2.0/glib/gstrfuncs.h:177: Fehler: expected declaration specifiers before »gchar«
/usr/include/glib-2.0/glib/gstrfuncs.h:178: Fehler: expected declaration specifiers before »gchar«
/usr/include/glib-2.0/glib/gstrfuncs.h:185: Fehler: expected declaration specifiers before »gchar«
/usr/include/glib-2.0/glib/gstrfuncs.h:186: Fehler: expected declaration specifiers before »gchar«
/usr/include/glib-2.0/glib/gstrfuncs.h:188: Fehler: expected declaration specifiers before »gchar«
/usr/include/glib-2.0/glib/gstrfuncs.h:190: Fehler: expected declaration specifiers before »gchar«
/usr/include/glib-2.0/glib/gstrfuncs.h:192: Fehler: expected declaration specifiers before »gchar«
/usr/include/glib-2.0/glib/gstrfuncs.h:194: Fehler: expected declaration specifiers before »gchar«
/usr/include/glib-2.0/glib/gstrfuncs.h:196: Fehler: expected declaration specifiers before »gchar«
/usr/include/glib-2.0/glib/gstrfuncs.h:203: Fehler: expected declaration specifiers before »gchar«
/usr/include/glib-2.0/glib/gstrfuncs.h:213: Fehler: expected declaration specifiers before »gchar«
/usr/include/glib-2.0/glib/gstrfuncs.h:217: Warnung: Attribut »__malloc__« wird ignoriert
/usr/include/glib-2.0/glib/gstrfuncs.h:228: Fehler: expected declaration specifiers before »gchar«
/usr/include/glib-2.0/glib/gstrfuncs.h:231: Fehler: expected declaration specifiers before »gchar«
/usr/include/glib-2.0/glib/gstrfuncs.h:234: Fehler: expected declaration specifiers before »gchar«
/usr/include/glib-2.0/glib/gstrfuncs.h:236: Fehler: expected »)« before »*« token
/usr/include/glib-2.0/glib/gstrfuncs.h:237: Fehler: expected declaration specifiers before »gchar«
/usr/include/glib-2.0/glib/gstrfuncs.h:238: Fehler: expected »)« before »*« token
/usr/include/glib-2.0/glib/gstrfuncs.h:240: Fehler: expected declaration specifiers before »gchar«
/usr/include/glib-2.0/glib/gstrfuncs.h:243: Fehler: expected »=«, »,«, »;«, »asm« or »__attribute__« before »*« token
In file included from /usr/include/glib-2.0/glib.h:74,
                 from /home/jb/devel/cc/jamm/test/upnp/pupnp/main.c:32:
/usr/include/glib-2.0/glib/gthreadpool.h:34: Fehler: Speicherklasse für Parameter »GThreadPool« angegeben
/usr/include/glib-2.0/glib/gthreadpool.h:46: Warnung: Leere Deklaration
/usr/include/glib-2.0/glib/gthreadpool.h:53: Fehler: expected declaration specifiers before »GThreadPool«
/usr/include/glib-2.0/glib/gthreadpool.h:63: Fehler: expected »)« before »*« token
/usr/include/glib-2.0/glib/gthreadpool.h:70: Fehler: expected »)« before »*« token
/usr/include/glib-2.0/glib/gthreadpool.h:73: Fehler: expected »)« before »*« token
/usr/include/glib-2.0/glib/gthreadpool.h:77: Fehler: expected »)« before »*« token
/usr/include/glib-2.0/glib/gthreadpool.h:80: Fehler: expected »)« before »*« token
/usr/include/glib-2.0/glib/gthreadpool.h:86: Fehler: expected »)« before »*« token
/usr/include/glib-2.0/glib/gthreadpool.h:100: Fehler: expected »)« before »*« token
In file included from /usr/include/glib-2.0/glib.h:75,
                 from /home/jb/devel/cc/jamm/test/upnp/pupnp/main.c:32:
/usr/include/glib-2.0/glib/gtimer.h:38: Fehler: Speicherklasse für Parameter »GTimer« angegeben
/usr/include/glib-2.0/glib/gtimer.h:42: Fehler: expected declaration specifiers before »GTimer«
/usr/include/glib-2.0/glib/gtimer.h:43: Fehler: expected »)« before »*« token
/usr/include/glib-2.0/glib/gtimer.h:44: Fehler: expected »)« before »*« token
/usr/include/glib-2.0/glib/gtimer.h:45: Fehler: expected »)« before »*« token
/usr/include/glib-2.0/glib/gtimer.h:46: Fehler: expected »)« before »*« token
/usr/include/glib-2.0/glib/gtimer.h:47: Fehler: expected »)« before »*« token
/usr/include/glib-2.0/glib/gtimer.h:48: Fehler: expected »)« before »*« token
/usr/include/glib-2.0/glib/gtimer.h:55: Fehler: expected »;«, »,« or »)« before »*« token
/usr/include/glib-2.0/glib/gtimer.h:57: Fehler: expected declaration specifiers before »gchar«
In file included from /usr/include/glib-2.0/glib.h:76,
                 from /home/jb/devel/cc/jamm/test/upnp/pupnp/main.c:32:
/usr/include/glib-2.0/glib/gtree.h:34: Fehler: Speicherklasse für Parameter »GTree« angegeben
/usr/include/glib-2.0/glib/gtree.h:38: Fehler: Speicherklasse für Parameter »GTraverseFunc« angegeben
/usr/include/glib-2.0/glib/gtree.h:42: Fehler: expected declaration specifiers before »GTree«
/usr/include/glib-2.0/glib/gtree.h:43: Fehler: expected declaration specifiers before »GTree«
/usr/include/glib-2.0/glib/gtree.h:45: Fehler: expected declaration specifiers before »GTree«
/usr/include/glib-2.0/glib/gtree.h:49: Fehler: expected »)« before »*« token
/usr/include/glib-2.0/glib/gtree.h:50: Fehler: expected »)« before »*« token
/usr/include/glib-2.0/glib/gtree.h:53: Fehler: expected »)« before »*« token
/usr/include/glib-2.0/glib/gtree.h:56: Fehler: expected »)« before »*« token
/usr/include/glib-2.0/glib/gtree.h:58: Fehler: expected »)« before »*« token
/usr/include/glib-2.0/glib/gtree.h:60: Fehler: expected »)« before »*« token
/usr/include/glib-2.0/glib/gtree.h:62: Fehler: expected »)« before »*« token
/usr/include/glib-2.0/glib/gtree.h:66: Fehler: expected »)« before »*« token
/usr/include/glib-2.0/glib/gtree.h:71: Fehler: expected »)« before »*« token
/usr/include/glib-2.0/glib/gtree.h:77: Fehler: expected »)« before »*« token
/usr/include/glib-2.0/glib/gtree.h:80: Fehler: expected »)« before »*« token
/usr/include/glib-2.0/glib/gtree.h:81: Fehler: expected »)« before »*« token
In file included from /usr/include/sched.h:32,
                 from /usr/include/pthread.h:24,
                 from /usr/include/upnp/ithread.h:45,
                 from /home/jb/devel/cc/jamm/test/upnp/pupnp/main.c:34:
/usr/include/bits/sched.h:76: Fehler: Speicherklasse für Parameter »clone« angegeben
/usr/include/bits/sched.h:79: Fehler: Speicherklasse für Parameter »unshare« angegeben
/usr/include/bits/sched.h:82: Fehler: Speicherklasse für Parameter »sched_getcpu« angegeben
/usr/include/bits/sched.h:108: Fehler: Speicherklasse für Parameter »__cpu_mask« angegeben
/usr/include/bits/sched.h:117: Fehler: expected specifier-qualifier-list before »__cpu_mask«
/usr/include/bits/sched.h:118: Fehler: Speicherklasse für Parameter »cpu_set_t« angegeben
/usr/include/bits/sched.h:134: Fehler: expected declaration specifiers or »...« before »cpu_set_t«
/usr/include/bits/sched.h:134: Fehler: Speicherklasse für Parameter »__sched_cpucount« angegeben
In file included from /usr/include/pthread.h:24,
                 from /usr/include/upnp/ithread.h:45,
                 from /home/jb/devel/cc/jamm/test/upnp/pupnp/main.c:34:
/usr/include/sched.h:41: Fehler: Speicherklasse für Parameter »sched_setparam« angegeben
/usr/include/sched.h:44: Fehler: Speicherklasse für Parameter »sched_getparam« angegeben
/usr/include/sched.h:48: Fehler: Speicherklasse für Parameter »sched_setscheduler« angegeben
/usr/include/sched.h:51: Fehler: Speicherklasse für Parameter »sched_getscheduler« angegeben
/usr/include/sched.h:54: Fehler: Speicherklasse für Parameter »sched_yield« angegeben
/usr/include/sched.h:57: Fehler: Speicherklasse für Parameter »sched_get_priority_max« angegeben
/usr/include/sched.h:60: Fehler: Speicherklasse für Parameter »sched_get_priority_min« angegeben
/usr/include/sched.h:63: Fehler: Speicherklasse für Parameter »sched_rr_get_interval« angegeben
In file included from /usr/include/pthread.h:30,
                 from /usr/include/upnp/ithread.h:45,
                 from /home/jb/devel/cc/jamm/test/upnp/pupnp/main.c:34:
/usr/include/bits/setjmp.h:29: Fehler: Speicherklasse für Parameter »__jmp_buf« angegeben
In file included from /usr/include/upnp/ithread.h:45,
                 from /home/jb/devel/cc/jamm/test/upnp/pupnp/main.c:34:
/usr/include/pthread.h:225: Fehler: Speicherklasse für Parameter »pthread_create« angegeben
/usr/include/pthread.h:231: Fehler: Speicherklasse für Parameter »pthread_exit« angegeben
/usr/include/pthread.h:239: Fehler: Speicherklasse für Parameter »pthread_join« angegeben
/usr/include/pthread.h:260: Fehler: Speicherklasse für Parameter »pthread_detach« angegeben
/usr/include/pthread.h:264: Fehler: Speicherklasse für Parameter »pthread_self« angegeben
/usr/include/pthread.h:267: Fehler: Speicherklasse für Parameter »pthread_equal« angegeben
/usr/include/pthread.h:275: Fehler: Speicherklasse für Parameter »pthread_attr_init« angegeben
/usr/include/pthread.h:279: Fehler: Speicherklasse für Parameter »pthread_attr_destroy« angegeben
/usr/include/pthread.h:284: Fehler: Speicherklasse für Parameter »pthread_attr_getdetachstate« angegeben
/usr/include/pthread.h:289: Fehler: Speicherklasse für Parameter »pthread_attr_setdetachstate« angegeben
/usr/include/pthread.h:295: Fehler: Speicherklasse für Parameter »pthread_attr_getguardsize« angegeben
/usr/include/pthread.h:300: Fehler: Speicherklasse für Parameter »pthread_attr_setguardsize« angegeben
/usr/include/pthread.h:307: Fehler: Speicherklasse für Parameter »pthread_attr_getschedparam« angegeben
/usr/include/pthread.h:312: Fehler: Speicherklasse für Parameter »pthread_attr_setschedparam« angegeben
/usr/include/pthread.h:317: Fehler: Speicherklasse für Parameter »pthread_attr_getschedpolicy« angegeben
/usr/include/pthread.h:321: Fehler: Speicherklasse für Parameter »pthread_attr_setschedpolicy« angegeben
/usr/include/pthread.h:326: Fehler: Speicherklasse für Parameter »pthread_attr_getinheritsched« angegeben
/usr/include/pthread.h:331: Fehler: Speicherklasse für Parameter »pthread_attr_setinheritsched« angegeben
/usr/include/pthread.h:337: Fehler: Speicherklasse für Parameter »pthread_attr_getscope« angegeben
/usr/include/pthread.h:341: Fehler: Speicherklasse für Parameter »pthread_attr_setscope« angegeben
/usr/include/pthread.h:346: Fehler: Speicherklasse für Parameter »pthread_attr_getstackaddr« angegeben
/usr/include/pthread.h:354: Fehler: Speicherklasse für Parameter »pthread_attr_setstackaddr« angegeben
/usr/include/pthread.h:359: Fehler: Speicherklasse für Parameter »pthread_attr_getstacksize« angegeben
/usr/include/pthread.h:366: Fehler: Speicherklasse für Parameter »pthread_attr_setstacksize« angegeben
/usr/include/pthread.h:373: Fehler: Speicherklasse für Parameter »pthread_attr_getstack« angegeben
/usr/include/pthread.h:379: Fehler: Speicherklasse für Parameter »pthread_attr_setstack« angegeben
/usr/include/pthread.h:412: Fehler: Speicherklasse für Parameter »pthread_setschedparam« angegeben
/usr/include/pthread.h:418: Fehler: Speicherklasse für Parameter »pthread_getschedparam« angegeben
/usr/include/pthread.h:422: Fehler: Speicherklasse für Parameter »pthread_setschedprio« angegeben
/usr/include/pthread.h:464: Fehler: Speicherklasse für Parameter »pthread_once« angegeben
/usr/include/pthread.h:475: Fehler: Speicherklasse für Parameter »pthread_setcancelstate« angegeben
/usr/include/pthread.h:479: Fehler: Speicherklasse für Parameter »pthread_setcanceltype« angegeben
/usr/include/pthread.h:482: Fehler: Speicherklasse für Parameter »pthread_cancel« angegeben
/usr/include/pthread.h:487: Fehler: Speicherklasse für Parameter »pthread_testcancel« angegeben
/usr/include/pthread.h:496: Fehler: expected specifier-qualifier-list before »__jmp_buf«
/usr/include/pthread.h:500: Fehler: Speicherklasse für Parameter »__pthread_unwind_buf_t« angegeben
/usr/include/pthread.h:500: Fehler: Für »__pthread_unwind_buf_t« darf keine Ausrichtung angegeben werden
/usr/include/pthread.h:649: Fehler: expected »)« before »*« token
/usr/include/pthread.h:660: Fehler: expected »)« before »*« token
/usr/include/pthread.h:700: Fehler: expected »)« before »*« token
/usr/include/pthread.h:710: Fehler: Speicherklasse für Parameter »__sigsetjmp« angegeben
/usr/include/pthread.h:718: Fehler: Speicherklasse für Parameter »pthread_mutex_init« angegeben
/usr/include/pthread.h:722: Fehler: Speicherklasse für Parameter »pthread_mutex_destroy« angegeben
/usr/include/pthread.h:726: Fehler: Speicherklasse für Parameter »pthread_mutex_trylock« angegeben
/usr/include/pthread.h:730: Fehler: Speicherklasse für Parameter »pthread_mutex_lock« angegeben
/usr/include/pthread.h:736: Fehler: Speicherklasse für Parameter »pthread_mutex_timedlock« angegeben
/usr/include/pthread.h:741: Fehler: Speicherklasse für Parameter »pthread_mutex_unlock« angegeben
/usr/include/pthread.h:772: Fehler: Speicherklasse für Parameter »pthread_mutexattr_init« angegeben
/usr/include/pthread.h:776: Fehler: Speicherklasse für Parameter »pthread_mutexattr_destroy« angegeben
/usr/include/pthread.h:782: Fehler: Speicherklasse für Parameter »pthread_mutexattr_getpshared« angegeben
/usr/include/pthread.h:787: Fehler: Speicherklasse für Parameter »pthread_mutexattr_setpshared« angegeben
/usr/include/pthread.h:845: Fehler: Speicherklasse für Parameter »pthread_rwlock_init« angegeben
/usr/include/pthread.h:849: Fehler: Speicherklasse für Parameter »pthread_rwlock_destroy« angegeben
/usr/include/pthread.h:853: Fehler: Speicherklasse für Parameter »pthread_rwlock_rdlock« angegeben
/usr/include/pthread.h:857: Fehler: Speicherklasse für Parameter »pthread_rwlock_tryrdlock« angegeben
/usr/include/pthread.h:863: Fehler: Speicherklasse für Parameter »pthread_rwlock_timedrdlock« angegeben
/usr/include/pthread.h:868: Fehler: Speicherklasse für Parameter »pthread_rwlock_wrlock« angegeben
/usr/include/pthread.h:872: Fehler: Speicherklasse für Parameter »pthread_rwlock_trywrlock« angegeben
/usr/include/pthread.h:878: Fehler: Speicherklasse für Parameter »pthread_rwlock_timedwrlock« angegeben
/usr/include/pthread.h:883: Fehler: Speicherklasse für Parameter »pthread_rwlock_unlock« angegeben
/usr/include/pthread.h:890: Fehler: Speicherklasse für Parameter »pthread_rwlockattr_init« angegeben
/usr/include/pthread.h:894: Fehler: Speicherklasse für Parameter »pthread_rwlockattr_destroy« angegeben
/usr/include/pthread.h:900: Fehler: Speicherklasse für Parameter »pthread_rwlockattr_getpshared« angegeben
/usr/include/pthread.h:905: Fehler: Speicherklasse für Parameter »pthread_rwlockattr_setpshared« angegeben
/usr/include/pthread.h:911: Fehler: Speicherklasse für Parameter »pthread_rwlockattr_getkind_np« angegeben
/usr/include/pthread.h:915: Fehler: Speicherklasse für Parameter »pthread_rwlockattr_setkind_np« angegeben
/usr/include/pthread.h:925: Fehler: Speicherklasse für Parameter »pthread_cond_init« angegeben
/usr/include/pthread.h:929: Fehler: Speicherklasse für Parameter »pthread_cond_destroy« angegeben
/usr/include/pthread.h:933: Fehler: Speicherklasse für Parameter »pthread_cond_signal« angegeben
/usr/include/pthread.h:937: Fehler: Speicherklasse für Parameter »pthread_cond_broadcast« angegeben
/usr/include/pthread.h:946: Fehler: Speicherklasse für Parameter »pthread_cond_wait« angegeben
/usr/include/pthread.h:958: Fehler: Speicherklasse für Parameter »pthread_cond_timedwait« angegeben
/usr/include/pthread.h:964: Fehler: Speicherklasse für Parameter »pthread_condattr_init« angegeben
/usr/include/pthread.h:968: Fehler: Speicherklasse für Parameter »pthread_condattr_destroy« angegeben
/usr/include/pthread.h:974: Fehler: Speicherklasse für Parameter »pthread_condattr_getpshared« angegeben
/usr/include/pthread.h:978: Fehler: Speicherklasse für Parameter »pthread_condattr_setpshared« angegeben
/usr/include/pthread.h:985: Fehler: Speicherklasse für Parameter »pthread_condattr_getclock« angegeben
/usr/include/pthread.h:990: Fehler: Speicherklasse für Parameter »pthread_condattr_setclock« angegeben
/usr/include/pthread.h:1000: Fehler: Speicherklasse für Parameter »pthread_spin_init« angegeben
/usr/include/pthread.h:1004: Fehler: Speicherklasse für Parameter »pthread_spin_destroy« angegeben
/usr/include/pthread.h:1008: Fehler: Speicherklasse für Parameter »pthread_spin_lock« angegeben
/usr/include/pthread.h:1012: Fehler: Speicherklasse für Parameter »pthread_spin_trylock« angegeben
/usr/include/pthread.h:1016: Fehler: Speicherklasse für Parameter »pthread_spin_unlock« angegeben
/usr/include/pthread.h:1026: Fehler: Speicherklasse für Parameter »pthread_barrier_init« angegeben
/usr/include/pthread.h:1030: Fehler: Speicherklasse für Parameter »pthread_barrier_destroy« angegeben
/usr/include/pthread.h:1034: Fehler: Speicherklasse für Parameter »pthread_barrier_wait« angegeben
/usr/include/pthread.h:1039: Fehler: Speicherklasse für Parameter »pthread_barrierattr_init« angegeben
/usr/include/pthread.h:1043: Fehler: Speicherklasse für Parameter »pthread_barrierattr_destroy« angegeben
/usr/include/pthread.h:1049: Fehler: Speicherklasse für Parameter »pthread_barrierattr_getpshared« angegeben
/usr/include/pthread.h:1054: Fehler: Speicherklasse für Parameter »pthread_barrierattr_setpshared« angegeben
/usr/include/pthread.h:1068: Fehler: Speicherklasse für Parameter »pthread_key_create« angegeben
/usr/include/pthread.h:1071: Fehler: Speicherklasse für Parameter »pthread_key_delete« angegeben
/usr/include/pthread.h:1074: Fehler: Speicherklasse für Parameter »pthread_getspecific« angegeben
/usr/include/pthread.h:1078: Fehler: Speicherklasse für Parameter »pthread_setspecific« angegeben
/usr/include/pthread.h:1085: Fehler: Speicherklasse für Parameter »pthread_getcpuclockid« angegeben
/usr/include/pthread.h:1102: Fehler: Speicherklasse für Parameter »pthread_atfork« angegeben
In file included from /home/jb/devel/cc/jamm/test/upnp/pupnp/main.c:34:
/usr/include/upnp/ithread.h:64: Fehler: Speicherklasse für Parameter »ithread_t« angegeben
/usr/include/upnp/ithread.h:74: Fehler: Speicherklasse für Parameter »ithread_attr_t« angegeben
/usr/include/upnp/ithread.h:84: Fehler: Speicherklasse für Parameter »start_routine« angegeben
/usr/include/upnp/ithread.h:95: Fehler: Speicherklasse für Parameter »ithread_cond_t« angegeben
/usr/include/upnp/ithread.h:106: Fehler: Speicherklasse für Parameter »ithread_mutexattr_t« angegeben
/usr/include/upnp/ithread.h:117: Fehler: Speicherklasse für Parameter »ithread_mutex_t« angegeben
/usr/include/upnp/ithread.h:129: Fehler: Speicherklasse für Parameter »ithread_condattr_t« angegeben
In file included from /usr/include/upnp/ixml.h:36,
                 from /usr/include/upnp/upnp.h:51,
                 from /home/jb/devel/cc/jamm/test/upnp/pupnp/main.c:35:
/usr/include/string.h:40: Fehler: Speicherklasse für Parameter »memcpy« angegeben
/usr/include/string.h:44: Fehler: Speicherklasse für Parameter »memmove« angegeben
/usr/include/string.h:53: Fehler: Speicherklasse für Parameter »memccpy« angegeben
/usr/include/string.h:59: Fehler: Speicherklasse für Parameter »memset« angegeben
/usr/include/string.h:63: Fehler: Speicherklasse für Parameter »memcmp« angegeben
/usr/include/string.h:67: Fehler: Speicherklasse für Parameter »memchr« angegeben
/usr/include/string.h:85: Fehler: Speicherklasse für Parameter »strcpy« angegeben
/usr/include/string.h:89: Fehler: Speicherklasse für Parameter »strncpy« angegeben
/usr/include/string.h:93: Fehler: Speicherklasse für Parameter »strcat« angegeben
/usr/include/string.h:96: Fehler: Speicherklasse für Parameter »strncat« angegeben
/usr/include/string.h:100: Fehler: Speicherklasse für Parameter »strcmp« angegeben
/usr/include/string.h:103: Fehler: Speicherklasse für Parameter »strncmp« angegeben
/usr/include/string.h:107: Fehler: Speicherklasse für Parameter »strcoll« angegeben
/usr/include/string.h:111: Fehler: Speicherklasse für Parameter »strxfrm« angegeben
/usr/include/string.h:131: Fehler: Speicherklasse für Parameter »strdup« angegeben
/usr/include/string.h:168: Fehler: Speicherklasse für Parameter »strchr« angegeben
/usr/include/string.h:171: Fehler: Speicherklasse für Parameter »strrchr« angegeben
/usr/include/string.h:185: Fehler: Speicherklasse für Parameter »strcspn« angegeben
/usr/include/string.h:189: Fehler: Speicherklasse für Parameter »strspn« angegeben
/usr/include/string.h:192: Fehler: Speicherklasse für Parameter »strpbrk« angegeben
/usr/include/string.h:195: Fehler: Speicherklasse für Parameter »strstr« angegeben
/usr/include/string.h:200: Fehler: Speicherklasse für Parameter »strtok« angegeben
/usr/include/string.h:208: Fehler: Speicherklasse für Parameter »__strtok_r« angegeben
/usr/include/string.h:212: Fehler: Speicherklasse für Parameter »strtok_r« angegeben
/usr/include/string.h:243: Fehler: Speicherklasse für Parameter »strlen« angegeben
/usr/include/string.h:256: Fehler: Speicherklasse für Parameter »strerror« angegeben
/usr/include/string.h:270: Fehler: Speicherklasse für Parameter »strerror_r« angegeben
/usr/include/string.h:294: Fehler: Speicherklasse für Parameter »__bzero« angegeben
/usr/include/string.h:299: Fehler: Speicherklasse für Parameter »bcopy« angegeben
/usr/include/string.h:302: Fehler: Speicherklasse für Parameter »bzero« angegeben
/usr/include/string.h:306: Fehler: Speicherklasse für Parameter »bcmp« angegeben
/usr/include/string.h:310: Fehler: Speicherklasse für Parameter »index« angegeben
/usr/include/string.h:314: Fehler: Speicherklasse für Parameter »rindex« angegeben
/usr/include/string.h:318: Fehler: Speicherklasse für Parameter »ffs« angegeben
/usr/include/string.h:332: Fehler: Speicherklasse für Parameter »strcasecmp« angegeben
/usr/include/string.h:336: Fehler: Speicherklasse für Parameter »strncasecmp« angegeben
/usr/include/string.h:356: Fehler: Speicherklasse für Parameter »strsep« angegeben
In file included from /usr/include/upnp/ixml.h:38,
                 from /usr/include/upnp/upnp.h:51,
                 from /home/jb/devel/cc/jamm/test/upnp/pupnp/main.c:35:
/usr/include/assert.h:73: Fehler: Speicherklasse für Parameter »__assert_fail« angegeben
/usr/include/assert.h:79: Fehler: Speicherklasse für Parameter »__assert_perror_fail« angegeben
/usr/include/assert.h:85: Fehler: Speicherklasse für Parameter »__assert« angegeben
In file included from /usr/include/upnp/upnp.h:51,
                 from /home/jb/devel/cc/jamm/test/upnp/pupnp/main.c:35:
/usr/include/upnp/ixml.h:55: Fehler: Speicherklasse für Parameter »BOOL« angegeben
/usr/include/upnp/ixml.h:115: Fehler: Speicherklasse für Parameter »IXML_NODE_TYPE« angegeben
/usr/include/upnp/ixml.h:149: Fehler: Speicherklasse für Parameter »IXML_ERRORCODE« angegeben
/usr/include/upnp/ixml.h:162: Fehler: Speicherklasse für Parameter »Docptr« angegeben
/usr/include/upnp/ixml.h:164: Fehler: Speicherklasse für Parameter »Nodeptr« angegeben
/usr/include/upnp/ixml.h:169: Fehler: expected specifier-qualifier-list before »IXML_NODE_TYPE«
/usr/include/upnp/ixml.h:182: Fehler: Speicherklasse für Parameter »IXML_Node« angegeben
/usr/include/upnp/ixml.h:186: Fehler: expected specifier-qualifier-list before »IXML_Node«
/usr/include/upnp/ixml.h:187: Fehler: Speicherklasse für Parameter »IXML_Document« angegeben
/usr/include/upnp/ixml.h:191: Fehler: expected specifier-qualifier-list before »IXML_Node«
/usr/include/upnp/ixml.h:192: Fehler: Speicherklasse für Parameter »IXML_CDATASection« angegeben
/usr/include/upnp/ixml.h:196: Fehler: expected specifier-qualifier-list before »IXML_Node«
/usr/include/upnp/ixml.h:199: Fehler: Speicherklasse für Parameter »IXML_Element« angegeben
/usr/include/upnp/ixml.h:203: Fehler: expected specifier-qualifier-list before »IXML_Node«
/usr/include/upnp/ixml.h:206: Fehler: Speicherklasse für Parameter »IXML_Attr« angegeben
/usr/include/upnp/ixml.h:210: Fehler: expected specifier-qualifier-list before »IXML_Node«
/usr/include/upnp/ixml.h:211: Fehler: Speicherklasse für Parameter »IXML_Text« angegeben
/usr/include/upnp/ixml.h:215: Fehler: expected specifier-qualifier-list before »IXML_Node«
/usr/include/upnp/ixml.h:217: Fehler: Speicherklasse für Parameter »IXML_NodeList« angegeben
/usr/include/upnp/ixml.h:222: Fehler: expected specifier-qualifier-list before »IXML_Node«
/usr/include/upnp/ixml.h:224: Fehler: Speicherklasse für Parameter »IXML_NamedNodeMap« angegeben
/usr/include/upnp/ixml.h:253: Fehler: expected »)« before »*« token
/usr/include/upnp/ixml.h:264: Fehler: expected »)« before »*« token
/usr/include/upnp/ixml.h:283: Fehler: expected »)« before »*« token
/usr/include/upnp/ixml.h:311: Fehler: expected »)« before »*« token
/usr/include/upnp/ixml.h:321: Fehler: expected declaration specifiers before »IXML_Node«
/usr/include/upnp/ixml.h:334: Fehler: expected declaration specifiers before »IXML_NodeList«
/usr/include/upnp/ixml.h:346: Fehler: expected declaration specifiers before »IXML_Node«
/usr/include/upnp/ixml.h:358: Fehler: expected declaration specifiers before »IXML_Node«
/usr/include/upnp/ixml.h:370: Fehler: expected declaration specifiers before »IXML_Node«
/usr/include/upnp/ixml.h:382: Fehler: expected declaration specifiers before »IXML_Node«
/usr/include/upnp/ixml.h:395: Fehler: expected declaration specifiers before »IXML_NamedNodeMap«
/usr/include/upnp/ixml.h:410: Fehler: expected declaration specifiers before »IXML_Document«
/usr/include/upnp/ixml.h:427: Fehler: expected »)« before »*« token
/usr/include/upnp/ixml.h:443: Fehler: expected »)« before »*« token
/usr/include/upnp/ixml.h:458: Fehler: expected »)« before »*« token
/usr/include/upnp/ixml.h:490: Fehler: expected »)« before »*« token
/usr/include/upnp/ixml.h:525: Fehler: expected »)« before »*« token
/usr/include/upnp/ixml.h:555: Fehler: expected »)« before »*« token
/usr/include/upnp/ixml.h:582: Fehler: expected »)« before »*« token
/usr/include/upnp/ixml.h:594: Fehler: expected declaration specifiers before »BOOL«
/usr/include/upnp/ixml.h:607: Fehler: expected declaration specifiers before »IXML_Node«
/usr/include/upnp/ixml.h:622: Fehler: expected declaration specifiers before »BOOL«
/usr/include/upnp/ixml.h:633: Fehler: expected »)« before »*« token
/usr/include/upnp/ixml.h:661: Fehler: expected »)« before »*« token
/usr/include/upnp/ixml.h:692: Fehler: expected »)« before »*« token
/usr/include/upnp/ixml.h:703: Fehler: expected »)« before »*« token
/usr/include/upnp/ixml.h:730: Fehler: expected »)« before »*« token
/usr/include/upnp/ixml.h:747: Fehler: expected »)« before »*« token
/usr/include/upnp/ixml.h:759: Fehler: expected declaration specifiers before »IXML_Document«
/usr/include/upnp/ixml.h:782: Fehler: expected »)« before »*« token
/usr/include/upnp/ixml.h:802: Fehler: expected declaration specifiers before »IXML_Element«
/usr/include/upnp/ixml.h:826: Fehler: expected »)« before »*« token
/usr/include/upnp/ixml.h:842: Fehler: expected declaration specifiers before »IXML_Node«
/usr/include/upnp/ixml.h:867: Fehler: expected »)« before »*« token
/usr/include/upnp/ixml.h:885: Fehler: expected declaration specifiers before »IXML_CDATASection«
/usr/include/upnp/ixml.h:899: Fehler: expected declaration specifiers before »IXML_Attr«
/usr/include/upnp/ixml.h:924: Fehler: expected »)« before »*« token
/usr/include/upnp/ixml.h:943: Fehler: expected declaration specifiers before »IXML_NodeList«
/usr/include/upnp/ixml.h:970: Fehler: expected »)« before »*« token
/usr/include/upnp/ixml.h:992: Fehler: expected declaration specifiers before »IXML_Element«
/usr/include/upnp/ixml.h:1021: Fehler: expected »)« before »*« token
/usr/include/upnp/ixml.h:1039: Fehler: expected declaration specifiers before »IXML_Attr«
/usr/include/upnp/ixml.h:1059: Fehler: expected declaration specifiers before »IXML_NodeList«
/usr/include/upnp/ixml.h:1078: Fehler: expected declaration specifiers before »IXML_Element«
/usr/include/upnp/ixml.h:1095: Fehler: expected »)« before »*« token
/usr/include/upnp/ixml.h:1119: Fehler: expected »)« before »*« token
/usr/include/upnp/ixml.h:1154: Fehler: expected »)« before »*« token
/usr/include/upnp/ixml.h:1166: Fehler: expected »)« before »*« token
/usr/include/upnp/ixml.h:1178: Fehler: expected »)« before »*« token
/usr/include/upnp/ixml.h:1202: Fehler: expected »)« before »*« token
/usr/include/upnp/ixml.h:1224: Fehler: expected »)« before »*« token
/usr/include/upnp/ixml.h:1239: Fehler: expected declaration specifiers before »IXML_Attr«
/usr/include/upnp/ixml.h:1264: Fehler: expected »)« before »*« token
/usr/include/upnp/ixml.h:1289: Fehler: expected »)« before »*« token
/usr/include/upnp/ixml.h:1308: Fehler: expected declaration specifiers before »IXML_NodeList«
/usr/include/upnp/ixml.h:1326: Fehler: expected »)« before »*« token
/usr/include/upnp/ixml.h:1358: Fehler: expected »)« before »*« token
/usr/include/upnp/ixml.h:1380: Fehler: expected »)« before »*« token
/usr/include/upnp/ixml.h:1394: Fehler: expected declaration specifiers before »IXML_Attr«
/usr/include/upnp/ixml.h:1422: Fehler: expected »)« before »*« token
/usr/include/upnp/ixml.h:1440: Fehler: expected declaration specifiers before »IXML_NodeList«
/usr/include/upnp/ixml.h:1460: Fehler: expected declaration specifiers before »BOOL«
/usr/include/upnp/ixml.h:1476: Fehler: expected declaration specifiers before »BOOL«
/usr/include/upnp/ixml.h:1492: Fehler: expected »)« before »*« token
/usr/include/upnp/ixml.h:1519: Fehler: expected »)« before »*« token
/usr/include/upnp/ixml.h:1529: Fehler: expected declaration specifiers before »IXML_Node«
/usr/include/upnp/ixml.h:1544: Fehler: expected declaration specifiers before »IXML_Node«
/usr/include/upnp/ixml.h:1559: Fehler: expected declaration specifiers before »IXML_Node«
/usr/include/upnp/ixml.h:1574: Fehler: expected declaration specifiers before »IXML_Node«
/usr/include/upnp/ixml.h:1591: Fehler: expected declaration specifiers before »IXML_Node«
/usr/include/upnp/ixml.h:1611: Fehler: expected declaration specifiers before »IXML_Node«
/usr/include/upnp/ixml.h:1626: Fehler: expected declaration specifiers before »IXML_Node«
/usr/include/upnp/ixml.h:1645: Fehler: expected »)« before »*« token
/usr/include/upnp/ixml.h:1673: Fehler: expected declaration specifiers before »IXML_Node«
/usr/include/upnp/ixml.h:1687: Fehler: expected »)« before »*« token
/usr/include/upnp/ixml.h:1700: Fehler: expected »)« before »*« token
/usr/include/upnp/ixml.h:1742: Fehler: expected »)« before »*« token
/usr/include/upnp/ixml.h:1760: Fehler: expected »)« before »*« token
/usr/include/upnp/ixml.h:1781: Fehler: expected »)« before »*« token
/usr/include/upnp/ixml.h:1798: Fehler: expected »)« before »*« token
/usr/include/upnp/ixml.h:1821: Fehler: expected declaration specifiers before »IXML_Document«
/usr/include/upnp/ixml.h:1848: Fehler: expected declaration specifiers or »...« before »IXML_Document«
/usr/include/upnp/ixml.h:1859: Fehler: expected declaration specifiers before »IXML_Document«
/usr/include/upnp/ixml.h:1885: Fehler: expected declaration specifiers or »...« before »IXML_Document«
In file included from /usr/include/netinet/in.h:23,
                 from /usr/include/upnp/upnp.h:91,
                 from /home/jb/devel/cc/jamm/test/upnp/pupnp/main.c:35:
/usr/include/stdint.h:49: Fehler: Speicherklasse für Parameter »uint8_t« angegeben
/usr/include/stdint.h:50: Fehler: Speicherklasse für Parameter »uint16_t« angegeben
/usr/include/stdint.h:52: Fehler: Speicherklasse für Parameter »uint32_t« angegeben
/usr/include/stdint.h:58: Fehler: expected declaration specifiers before »__extension__«
/usr/include/stdint.h:66: Fehler: Speicherklasse für Parameter »int_least8_t« angegeben
/usr/include/stdint.h:67: Fehler: Speicherklasse für Parameter »int_least16_t« angegeben
/usr/include/stdint.h:68: Fehler: Speicherklasse für Parameter »int_least32_t« angegeben
/usr/include/stdint.h:72: Fehler: expected declaration specifiers before »__extension__«
/usr/include/stdint.h:77: Fehler: Speicherklasse für Parameter »uint_least8_t« angegeben
/usr/include/stdint.h:78: Fehler: Speicherklasse für Parameter »uint_least16_t« angegeben
/usr/include/stdint.h:79: Fehler: Speicherklasse für Parameter »uint_least32_t« angegeben
/usr/include/stdint.h:83: Fehler: expected declaration specifiers before »__extension__«
/usr/include/stdint.h:91: Fehler: Speicherklasse für Parameter »int_fast8_t« angegeben
/usr/include/stdint.h:97: Fehler: Speicherklasse für Parameter »int_fast16_t« angegeben
/usr/include/stdint.h:98: Fehler: Speicherklasse für Parameter »int_fast32_t« angegeben
/usr/include/stdint.h:99: Fehler: expected declaration specifiers before »__extension__«
/usr/include/stdint.h:104: Fehler: Speicherklasse für Parameter »uint_fast8_t« angegeben
/usr/include/stdint.h:110: Fehler: Speicherklasse für Parameter »uint_fast16_t« angegeben
/usr/include/stdint.h:111: Fehler: Speicherklasse für Parameter »uint_fast32_t« angegeben
/usr/include/stdint.h:112: Fehler: expected declaration specifiers before »__extension__«
/usr/include/stdint.h:129: Fehler: Speicherklasse für Parameter »uintptr_t« angegeben
/usr/include/stdint.h:138: Fehler: expected declaration specifiers before »__extension__«
/usr/include/stdint.h:140: Fehler: expected declaration specifiers before »__extension__«
In file included from /usr/include/sys/socket.h:27,
                 from /usr/include/netinet/in.h:24,
                 from /usr/include/upnp/upnp.h:91,
                 from /home/jb/devel/cc/jamm/test/upnp/pupnp/main.c:35:
/usr/include/sys/uio.h:40: Fehler: Speicherklasse für Parameter »readv« angegeben
/usr/include/sys/uio.h:50: Fehler: Speicherklasse für Parameter »writev« angegeben
In file included from /usr/include/bits/socket.h:143,
                 from /usr/include/sys/socket.h:35,
                 from /usr/include/netinet/in.h:24,
                 from /usr/include/upnp/upnp.h:91,
                 from /home/jb/devel/cc/jamm/test/upnp/pupnp/main.c:35:
/usr/include/bits/sockaddr.h:29: Fehler: Speicherklasse für Parameter »sa_family_t« angegeben
In file included from /usr/include/sys/socket.h:35,
                 from /usr/include/netinet/in.h:24,
                 from /usr/include/upnp/upnp.h:91,
                 from /home/jb/devel/cc/jamm/test/upnp/pupnp/main.c:35:
/usr/include/bits/socket.h:148: Fehler: expected specifier-qualifier-list before »sa_family_t«
/usr/include/bits/socket.h:165: Fehler: expected specifier-qualifier-list before »sa_family_t«
/usr/include/bits/socket.h:265: Fehler: Speicherklasse für Parameter »__cmsg_nxthdr« angegeben
In file included from /usr/include/netinet/in.h:24,
                 from /usr/include/upnp/upnp.h:91,
                 from /home/jb/devel/cc/jamm/test/upnp/pupnp/main.c:35:
/usr/include/sys/socket.h:100: Fehler: Speicherklasse für Parameter »socket« angegeben
/usr/include/sys/socket.h:107: Fehler: Speicherklasse für Parameter »socketpair« angegeben
/usr/include/sys/socket.h:111: Fehler: Speicherklasse für Parameter »bind« angegeben
/usr/include/sys/socket.h:115: Fehler: Speicherklasse für Parameter »getsockname« angegeben
/usr/include/sys/socket.h:124: Fehler: Speicherklasse für Parameter »connect« angegeben
/usr/include/sys/socket.h:129: Fehler: Speicherklasse für Parameter »getpeername« angegeben
/usr/include/sys/socket.h:136: Fehler: Speicherklasse für Parameter »send« angegeben
/usr/include/sys/socket.h:143: Fehler: Speicherklasse für Parameter »recv« angegeben
/usr/include/sys/socket.h:152: Fehler: Speicherklasse für Parameter »sendto« angegeben
/usr/include/sys/socket.h:163: Fehler: Speicherklasse für Parameter »recvfrom« angegeben
/usr/include/sys/socket.h:172: Fehler: Speicherklasse für Parameter »sendmsg« angegeben
/usr/include/sys/socket.h:179: Fehler: Speicherklasse für Parameter »recvmsg« angegeben
/usr/include/sys/socket.h:187: Fehler: Speicherklasse für Parameter »getsockopt« angegeben
/usr/include/sys/socket.h:193: Fehler: Speicherklasse für Parameter »setsockopt« angegeben
/usr/include/sys/socket.h:199: Fehler: Speicherklasse für Parameter »listen« angegeben
/usr/include/sys/socket.h:210: Fehler: Speicherklasse für Parameter »accept« angegeben
/usr/include/sys/socket.h:218: Fehler: Speicherklasse für Parameter »shutdown« angegeben
/usr/include/sys/socket.h:223: Fehler: Speicherklasse für Parameter »sockatmark« angegeben
/usr/include/sys/socket.h:231: Fehler: Speicherklasse für Parameter »isfdtype« angegeben
In file included from /usr/include/upnp/upnp.h:91,
                 from /home/jb/devel/cc/jamm/test/upnp/pupnp/main.c:35:
/usr/include/netinet/in.h:92: Fehler: expected »=«, »,«, »;«, »asm« or »__attribute__« before »in_port_t«
/usr/include/netinet/in.h:136: Fehler: expected »=«, »,«, »;«, »asm« or »__attribute__« before »in_addr_t«
/usr/include/netinet/in.h:139: Fehler: expected specifier-qualifier-list before »in_addr_t«
/usr/include/netinet/in.h:197: Fehler: expected specifier-qualifier-list before »uint8_t«
/usr/include/netinet/in.h:206: Fehler: Speicherklasse für Parameter »in6addr_any« angegeben
/usr/include/netinet/in.h:207: Fehler: Speicherklasse für Parameter »in6addr_loopback« angegeben
/usr/include/netinet/in.h:221: Fehler: expected specifier-qualifier-list before »sa_family_t«
/usr/include/netinet/in.h:235: Fehler: expected specifier-qualifier-list before »sa_family_t«
/usr/include/netinet/in.h:280: Fehler: expected specifier-qualifier-list before »uint32_t«
/usr/include/netinet/in.h:289: Fehler: expected specifier-qualifier-list before »uint32_t«
/usr/include/netinet/in.h:309: Fehler: expected specifier-qualifier-list before »uint32_t«
/usr/include/netinet/in.h:324: Fehler: expected specifier-qualifier-list before »uint32_t«
In file included from /usr/include/upnp/upnp.h:91,
                 from /home/jb/devel/cc/jamm/test/upnp/pupnp/main.c:35:
/usr/include/netinet/in.h:354: Fehler: expected »=«, »,«, »;«, »asm« or »__attribute__« before »ntohl«
/usr/include/netinet/in.h:355: Fehler: expected »=«, »,«, »;«, »asm« or »__attribute__« before »ntohs«
/usr/include/netinet/in.h:357: Fehler: expected »=«, »,«, »;«, »asm« or »__attribute__« before »htonl«
/usr/include/netinet/in.h:359: Fehler: expected »=«, »,«, »;«, »asm« or »__attribute__« before »htons«
In file included from /usr/include/upnp/upnp.h:91,
                 from /home/jb/devel/cc/jamm/test/upnp/pupnp/main.c:35:
/usr/include/netinet/in.h:428: Fehler: Speicherklasse für Parameter »bindresvport« angegeben
/usr/include/netinet/in.h:432: Fehler: Speicherklasse für Parameter »bindresvport6« angegeben
/usr/include/netinet/in.h:466: Fehler: expected specifier-qualifier-list before »uint32_t«
In file included from /home/jb/devel/cc/jamm/test/upnp/pupnp/main.c:35:
/usr/include/upnp/upnp.h:491: Fehler: Speicherklasse für Parameter »UpnpClient_Handle« angegeben
/usr/include/upnp/upnp.h:497: Fehler: Speicherklasse für Parameter »UpnpDevice_Handle« angegeben
/usr/include/upnp/upnp.h:625: Fehler: Speicherklasse für Parameter »Upnp_EventType« angegeben
/usr/include/upnp/upnp.h:632: Fehler: Speicherklasse für Parameter »Upnp_SID« angegeben
/usr/include/upnp/upnp.h:661: Fehler: Speicherklasse für Parameter »Upnp_SType« angegeben
/usr/include/upnp/upnp.h:684: Fehler: Speicherklasse für Parameter »Upnp_DescType« angegeben
/usr/include/upnp/upnp.h:709: Fehler: expected specifier-qualifier-list before »IXML_Document«
/usr/include/upnp/upnp.h:731: Fehler: expected specifier-qualifier-list before »IXML_Document«
/usr/include/upnp/upnp.h:792: Fehler: expected specifier-qualifier-list before »Upnp_SID«
/usr/include/upnp/upnp.h:807: Fehler: Speicherklasse für Parameter »SOCKADDRIN« angegeben
/usr/include/upnp/upnp.h:845: Fehler: expected specifier-qualifier-list before »SOCKADDRIN«
/usr/include/upnp/upnp.h:860: Fehler: expected specifier-qualifier-list before »Upnp_SID«
/usr/include/upnp/upnp.h:885: Fehler: expected specifier-qualifier-list before »Upnp_SID«
/usr/include/upnp/upnp.h:919: Fehler: Speicherklasse für Parameter »UpnpWebFileHandle« angegeben
/usr/include/upnp/upnp.h:938: Fehler: expected specifier-qualifier-list before »UpnpWebFileHandle«
/usr/include/upnp/upnp.h:1017: Fehler: Speicherklasse für Parameter »virtualDirList« angegeben
/usr/include/upnp/upnp.h:1045: Fehler: expected »)« before »EventType«
/usr/include/upnp/upnp.h:1150: Fehler: expected »)« before »Callback«
/usr/include/upnp/upnp.h:1197: Fehler: expected declaration specifiers or »...« before »Upnp_FunPtr«
/usr/include/upnp/upnp.h:1201: Fehler: expected declaration specifiers or »...« before »UpnpDevice_Handle«
/usr/include/upnp/upnp.h:1273: Fehler: expected »)« before »descriptionType«
/usr/include/upnp/upnp.h:1312: Fehler: expected »)« before »Hnd«
/usr/include/upnp/upnp.h:1346: Fehler: expected »)« before »Hnd«
/usr/include/upnp/upnp.h:1402: Fehler: expected »)« before »Hnd«
/usr/include/upnp/upnp.h:1432: Fehler: expected »)« before »Hnd«
/usr/include/upnp/upnp.h:1475: Fehler: expected »)« before »Hnd«
/usr/include/upnp/upnp.h:1503: Fehler: expected »)« before »Hnd«
/usr/include/upnp/upnp.h:1538: Fehler: expected »)« before »Hnd«
/usr/include/upnp/upnp.h:1577: Fehler: expected »)« before »Hnd«
/usr/include/upnp/upnp.h:1616: Fehler: expected »)« before »Hnd«
/usr/include/upnp/upnp.h:1654: Fehler: expected »)« before »Hnd«
/usr/include/upnp/upnp.h:1712: Fehler: expected »)« before »Hnd«
/usr/include/upnp/upnp.h:1752: Fehler: expected »)« before »Hnd«
/usr/include/upnp/upnp.h:1790: Fehler: expected »)« before »const«
/usr/include/upnp/upnp.h:1827: Fehler: expected »)« before »const«
/usr/include/upnp/upnp.h:1868: Fehler: expected »)« before »Hnd«
/usr/include/upnp/upnp.h:1926: Fehler: expected »)« before »Hnd«
/usr/include/upnp/upnp.h:1954: Fehler: expected »)« before »Hnd«
/usr/include/upnp/upnp.h:1977: Fehler: expected »)« before »Hnd«
/usr/include/upnp/upnp.h:2014: Fehler: expected »)« before »Hnd«
/usr/include/upnp/upnp.h:2076: Fehler: expected »)« before »Hnd«
/usr/include/upnp/upnp.h:2121: Fehler: expected »)« before »Hnd«
/usr/include/upnp/upnp.h:2176: Fehler: expected »)« before »Hnd«
/usr/include/upnp/upnp.h:2587: Fehler: expected declaration specifiers or »...« before »IXML_Document«
In file included from /home/jb/devel/cc/jamm/test/upnp/pupnp/main.c:38:
/home/jb/devel/cc/jamm/test/upnp/pupnp/output_gstreamer.h:27: Fehler: expected »)« before »*« token
In file included from /home/jb/devel/cc/jamm/test/upnp/pupnp/main.c:39:
/home/jb/devel/cc/jamm/test/upnp/pupnp/upnp.h:27: Warnung: Leere Deklaration
/home/jb/devel/cc/jamm/test/upnp/pupnp/upnp.h:28: Warnung: Leere Deklaration
/home/jb/devel/cc/jamm/test/upnp/pupnp/upnp.h:29: Warnung: Leere Deklaration
/home/jb/devel/cc/jamm/test/upnp/pupnp/upnp.h:34: Warnung: Leere Deklaration
/home/jb/devel/cc/jamm/test/upnp/pupnp/upnp.h:39: Fehler: Speicherklasse für Parameter »param_dir« angegeben
/home/jb/devel/cc/jamm/test/upnp/pupnp/upnp.h:43: Fehler: expected specifier-qualifier-list before »param_dir«
/home/jb/devel/cc/jamm/test/upnp/pupnp/upnp.h:45: Warnung: Leere Deklaration
/home/jb/devel/cc/jamm/test/upnp/pupnp/upnp.h:56: Fehler: Speicherklasse für Parameter »param_datatype« angegeben
/home/jb/devel/cc/jamm/test/upnp/pupnp/upnp.h:61: Fehler: Speicherklasse für Parameter »param_event« angegeben
/home/jb/devel/cc/jamm/test/upnp/pupnp/upnp.h:67: Warnung: Leere Deklaration
/home/jb/devel/cc/jamm/test/upnp/pupnp/upnp.h:70: Fehler: expected specifier-qualifier-list before »param_event«
/home/jb/devel/cc/jamm/test/upnp/pupnp/upnp.h:75: Warnung: Leere Deklaration
/home/jb/devel/cc/jamm/test/upnp/pupnp/upnp.h:84: Warnung: Leere Deklaration
/home/jb/devel/cc/jamm/test/upnp/pupnp/upnp.h:87: Fehler: expected specifier-qualifier-list before »ithread_mutex_t«
/home/jb/devel/cc/jamm/test/upnp/pupnp/upnp.h:103: Warnung: Leere Deklaration
/home/jb/devel/cc/jamm/test/upnp/pupnp/upnp.h:106: Fehler: expected specifier-qualifier-list before »ithread_mutex_t«
/home/jb/devel/cc/jamm/test/upnp/pupnp/upnp.h:121: Warnung: Leere Deklaration
/home/jb/devel/cc/jamm/test/upnp/pupnp/upnp.h:127: Warnung: Leere Deklaration
In file included from /home/jb/devel/cc/jamm/test/upnp/pupnp/main.c:40:
/home/jb/devel/cc/jamm/test/upnp/pupnp/upnp_device.h:27: Fehler: Speicherklasse für Parameter »upnp_device_init« angegeben
/home/jb/devel/cc/jamm/test/upnp/pupnp/upnp_device.h:35: Fehler: Speicherklasse für Parameter »upnp_set_error« angegeben
/home/jb/devel/cc/jamm/test/upnp/pupnp/upnp_device.h:36: Fehler: Speicherklasse für Parameter »upnp_get_string« angegeben
/home/jb/devel/cc/jamm/test/upnp/pupnp/upnp_device.h:40: Fehler: expected »=«, »,«, »;«, »asm« or »__attribute__« before »device_handle«
/home/jb/devel/cc/jamm/test/upnp/pupnp/main.c:43: Fehler: Speicherklasse für Parameter »show_version« angegeben
/home/jb/devel/cc/jamm/test/upnp/pupnp/main.c:43: Fehler: Parameter »show_version« ist initialisiert
/home/jb/devel/cc/jamm/test/upnp/pupnp/main.c:44: Fehler: Speicherklasse für Parameter »show_devicedesc« angegeben
/home/jb/devel/cc/jamm/test/upnp/pupnp/main.c:44: Fehler: Parameter »show_devicedesc« ist initialisiert
/home/jb/devel/cc/jamm/test/upnp/pupnp/main.c:45: Fehler: Speicherklasse für Parameter »show_connmgr_scpd« angegeben
/home/jb/devel/cc/jamm/test/upnp/pupnp/main.c:45: Fehler: Parameter »show_connmgr_scpd« ist initialisiert
/home/jb/devel/cc/jamm/test/upnp/pupnp/main.c:46: Fehler: Speicherklasse für Parameter »show_control_scpd« angegeben
/home/jb/devel/cc/jamm/test/upnp/pupnp/main.c:46: Fehler: Parameter »show_control_scpd« ist initialisiert
/home/jb/devel/cc/jamm/test/upnp/pupnp/main.c:47: Fehler: Speicherklasse für Parameter »show_transport_scpd« angegeben
/home/jb/devel/cc/jamm/test/upnp/pupnp/main.c:47: Fehler: Parameter »show_transport_scpd« ist initialisiert
/home/jb/devel/cc/jamm/test/upnp/pupnp/main.c:48: Fehler: expected »=«, »,«, »;«, »asm« or »__attribute__« before »*« token
/home/jb/devel/cc/jamm/test/upnp/pupnp/main.c:49: Fehler: expected »=«, »,«, »;«, »asm« or »__attribute__« before »*« token
/home/jb/devel/cc/jamm/test/upnp/pupnp/main.c:50: Fehler: expected »=«, »,«, »;«, »asm« or »__attribute__« before »*« token
/home/jb/devel/cc/jamm/test/upnp/pupnp/main.c:54: Fehler: expected »=«, »,«, »;«, »asm« or »__attribute__« before »option_entries«
/home/jb/devel/cc/jamm/test/upnp/pupnp/main.c:72: Fehler: expected declaration specifiers before »;« token
/home/jb/devel/cc/jamm/test/upnp/pupnp/main.c:75: Fehler: expected »=«, »,«, »;«, »asm« or »__attribute__« before »{« token
/home/jb/devel/cc/jamm/test/upnp/pupnp/main.c:86: Fehler: expected »=«, »,«, »;«, »asm« or »__attribute__« before »{« token
/home/jb/devel/cc/jamm/test/upnp/pupnp/main.c:115: Fehler: expected »=«, »,«, »;«, »asm« or »__attribute__« before »{« token
/home/jb/devel/cc/jamm/test/upnp/pupnp/main.c:172: Fehler: Parameterdeklarationen alten Stils in Prototyp-Funktionsdeklaration
/home/jb/devel/cc/jamm/test/upnp/pupnp/main.c:172: Fehler: expected »{« at end of input
make[2]: *** [CMakeFiles/upnp_test.dir/main.o] Fehler 1
make[1]: *** [CMakeFiles/upnp_test.dir/all] Fehler 2
make: *** [all] Fehler 2
